==========================================================================================
Layer (type:depth-idx)                   Output Shape              Param #
==========================================================================================
├─IntermediateLayerGetter: 1-1           [32, 2048, 32, 32]        --
|    └─Conv2d: 2-1                       [32, 64, 128, 128]        9,408
|    └─BatchNorm2d: 2-2                  [32, 64, 128, 128]        128
|    └─ReLU: 2-3                         [32, 64, 128, 128]        --
|    └─MaxPool2d: 2-4                    [32, 64, 64, 64]          --
|    └─Sequential: 2-5                   [32, 256, 64, 64]         --
|    |    └─Bottleneck: 3-1              [32, 256, 64, 64]         75,008
|    |    └─Bottleneck: 3-2              [32, 256, 64, 64]         70,400
|    |    └─Bottleneck: 3-3              [32, 256, 64, 64]         70,400
|    └─Sequential: 2-6                   [32, 512, 32, 32]         --
|    |    └─Bottleneck: 3-4              [32, 512, 32, 32]         379,392
|    |    └─Bottleneck: 3-5              [32, 512, 32, 32]         280,064
|    |    └─Bottleneck: 3-6              [32, 512, 32, 32]         280,064
|    |    └─Bottleneck: 3-7              [32, 512, 32, 32]         280,064
|    └─Sequential: 2-7                   [32, 1024, 32, 32]        --
|    |    └─Bottleneck: 3-8              [32, 1024, 32, 32]        1,512,448
|    |    └─Bottleneck: 3-9              [32, 1024, 32, 32]        1,117,184
|    |    └─Bottleneck: 3-10             [32, 1024, 32, 32]        1,117,184
|    |    └─Bottleneck: 3-11             [32, 1024, 32, 32]        1,117,184
|    |    └─Bottleneck: 3-12             [32, 1024, 32, 32]        1,117,184
|    |    └─Bottleneck: 3-13             [32, 1024, 32, 32]        1,117,184
|    └─Sequential: 2-8                   [32, 2048, 32, 32]        --
|    |    └─Bottleneck: 3-14             [32, 2048, 32, 32]        6,039,552
|    |    └─Bottleneck: 3-15             [32, 2048, 32, 32]        4,462,592
|    |    └─Bottleneck: 3-16             [32, 2048, 32, 32]        4,462,592
├─DeepLabHead: 1-2                       [32, 11, 32, 32]          --
|    └─ASPP: 2-9                         [32, 256, 32, 32]         --
|    |    └─Sequential: 3-17             [32, 256, 32, 32]         328,192
|    └─Conv2d: 2-10                      [32, 256, 32, 32]         589,824
|    └─BatchNorm2d: 2-11                 [32, 256, 32, 32]         512
|    └─ReLU: 2-12                        [32, 256, 32, 32]         --
|    └─Conv2d: 2-13                      [32, 11, 32, 32]          2,827
==========================================================================================
Total params: 24,429,387
Trainable params: 24,429,387
Non-trainable params: 0
Total mult-adds (G): 23.09
==========================================================================================
Input size (MB): 24.00
Forward/backward pass size (MB): 14018.75
Params size (MB): 93.19
Estimated Total Size (MB): 14135.94
==========================================================================================
Device: cuda.
--- Epoch 1/25 ---
average_train_loss: 0.6363862324280543, average_train_score: 0.36591190099716187
--- Epoch 2/25 ---
average_train_loss: 0.34903357107616223, average_train_score: 0.43749746680259705
--- Epoch 3/25 ---
average_train_loss: 0.21273089817231272, average_train_score: 0.5587670803070068
--- Epoch 4/25 ---
average_train_loss: 0.16081225518452918, average_train_score: 0.6131631135940552
--- Epoch 5/25 ---
average_train_loss: 0.13544464396362443, average_train_score: 0.6435927748680115
--- Epoch 6/25 ---
average_train_loss: 0.11692497277627846, average_train_score: 0.6661964654922485
--- Epoch 7/25 ---
average_train_loss: 0.10561491945898273, average_train_score: 0.6801936030387878
--- Epoch 8/25 ---
average_train_loss: 0.10007405863763634, average_train_score: 0.6879586577415466
--- Epoch 9/25 ---
average_train_loss: 0.08564066100351458, average_train_score: 0.7050915956497192
--- Epoch 10/25 ---
average_train_loss: 0.08265689837117172, average_train_score: 0.7083624601364136
--- Epoch 11/25 ---
average_train_loss: 0.08047812119956167, average_train_score: 0.7113355398178101
--- Epoch 12/25 ---
average_train_loss: 0.07093547198010415, average_train_score: 0.7232611775398254
--- Epoch 13/25 ---
average_train_loss: 0.06411906300207317, average_train_score: 0.7305217385292053
--- Epoch 14/25 ---
average_train_loss: 0.0656576184894141, average_train_score: 0.7285768389701843
--- Epoch 15/25 ---
average_train_loss: 0.05837560765282871, average_train_score: 0.7374123930931091
--- Epoch 16/25 ---
average_train_loss: 0.05048751078329566, average_train_score: 0.7467893362045288
--- Epoch 17/25 ---
average_train_loss: 0.0479569892392248, average_train_score: 0.7507217526435852
--- Epoch 18/25 ---
average_train_loss: 0.05103052536039174, average_train_score: 0.7448599338531494
--- Epoch 19/25 ---
average_train_loss: 0.043165937720033506, average_train_score: 0.7567929625511169
--- Epoch 20/25 ---
average_train_loss: 0.03715818622499055, average_train_score: 0.7658928036689758
--- Epoch 21/25 ---
average_train_loss: 0.034997270341069586, average_train_score: 0.7697259187698364
--- Epoch 22/25 ---
average_train_loss: 0.03494577214446541, average_train_score: 0.7703102827072144
--- Epoch 23/25 ---
average_train_loss: 0.03870508912274249, average_train_score: 0.7655927538871765

Signal handler got signal 10
Training interrupted after around 1410 minutes
Saving model weights trained since now
Device: cuda.

Inference completed in around 805 seconds.
batch_IoU_background: 0.9588477611541748
batch_IoU_lips: 0.5786148309707642
batch_IoU_eyes: 0.45768001675605774
batch_IoU_nose: 0.7585601806640625
batch_IoU_skin: 0.8719821572303772
batch_IoU_hair: 0.8127585053443909
batch_IoU_eyebrows: 0.4514884352684021
batch_IoU_ears: 0.7170584201812744
batch_IoU_teeth: 0.705847978591919
batch_IoU_beard: 0.8838747143745422
batch_IoU_sunglasses: 0.9228246212005615
batch_mIoU=0.738139808177948
