==========================================================================================
Layer (type:depth-idx)                   Output Shape              Param #
==========================================================================================
├─UNet: 1-1                              []                        --
├─UNet: 1                                []                        --
|    └─Sequential: 2-1                   []                        --
|    └─Sequential: 2                     []                        --
|    |    └─Conv2d: 3-1                  []                        864
├─UNet: 1-2                              [8, 11, 256, 256]         --
├─UNet: 1                                []                        --
|    └─Sequential: 2-2                   [8, 32, 256, 256]         --
|    └─Sequential: 2                     []                        --
|    |    └─Conv2d: 3-2                  [8, 32, 256, 256]         --
|    |    └─BatchNorm2d: 3-3             [8, 32, 256, 256]         --
|    |    └─ReLU: 3-4                    [8, 32, 256, 256]         --
|    |    └─Conv2d: 3-5                  [8, 32, 256, 256]         --
|    |    └─BatchNorm2d: 3-6             [8, 32, 256, 256]         --
|    |    └─ReLU: 3-7                    [8, 32, 256, 256]         --
|    └─MaxPool2d: 2-3                    [8, 32, 128, 128]         --
|    └─Sequential: 2-4                   [8, 64, 128, 128]         --
|    └─Sequential: 2                     []                        --
|    |    └─Conv2d: 3-8                  [8, 64, 128, 128]         --
|    |    └─BatchNorm2d: 3-9             [8, 64, 128, 128]         --
|    |    └─ReLU: 3-10                   [8, 64, 128, 128]         --
|    |    └─Conv2d: 3-11                 [8, 64, 128, 128]         --
|    |    └─BatchNorm2d: 3-12            [8, 64, 128, 128]         --
|    |    └─ReLU: 3-13                   [8, 64, 128, 128]         --
|    └─MaxPool2d: 2-5                    [8, 64, 64, 64]           --
|    └─Sequential: 2-6                   [8, 128, 64, 64]          --
|    └─Sequential: 2                     []                        --
|    |    └─Conv2d: 3-14                 [8, 128, 64, 64]          --
|    |    └─BatchNorm2d: 3-15            [8, 128, 64, 64]          --
|    |    └─ReLU: 3-16                   [8, 128, 64, 64]          --
|    |    └─Conv2d: 3-17                 [8, 128, 64, 64]          --
|    |    └─BatchNorm2d: 3-18            [8, 128, 64, 64]          --
|    |    └─ReLU: 3-19                   [8, 128, 64, 64]          --
|    └─MaxPool2d: 2-7                    [8, 128, 32, 32]          --
|    └─Sequential: 2-8                   [8, 256, 32, 32]          --
|    └─Sequential: 2                     []                        --
|    |    └─Conv2d: 3-20                 [8, 256, 32, 32]          --
|    |    └─BatchNorm2d: 3-21            [8, 256, 32, 32]          --
|    |    └─ReLU: 3-22                   [8, 256, 32, 32]          --
|    |    └─Conv2d: 3-23                 [8, 256, 32, 32]          --
|    |    └─BatchNorm2d: 3-24            [8, 256, 32, 32]          --
|    |    └─ReLU: 3-25                   [8, 256, 32, 32]          --
|    └─MaxPool2d: 2-9                    [8, 256, 16, 16]          --
|    └─Sequential: 2-10                  [8, 512, 16, 16]          --
|    └─Sequential: 2                     []                        --
|    |    └─Conv2d: 3-26                 [8, 512, 16, 16]          --
|    |    └─BatchNorm2d: 3-27            [8, 512, 16, 16]          --
|    |    └─ReLU: 3-28                   [8, 512, 16, 16]          --
|    |    └─Conv2d: 3-29                 [8, 512, 16, 16]          --
|    |    └─BatchNorm2d: 3-30            [8, 512, 16, 16]          --
|    |    └─ReLU: 3-31                   [8, 512, 16, 16]          --
|    └─ConvTranspose2d: 2-11             [8, 256, 32, 32]          --
|    └─Sequential: 2-12                  [8, 256, 32, 32]          --
|    └─Sequential: 2                     []                        --
|    |    └─Conv2d: 3-32                 [8, 256, 32, 32]          --
|    |    └─BatchNorm2d: 3-33            [8, 256, 32, 32]          --
|    |    └─ReLU: 3-34                   [8, 256, 32, 32]          --
|    |    └─Conv2d: 3-35                 [8, 256, 32, 32]          --
|    |    └─BatchNorm2d: 3-36            [8, 256, 32, 32]          --
|    |    └─ReLU: 3-37                   [8, 256, 32, 32]          --
|    └─ConvTranspose2d: 2-13             [8, 128, 64, 64]          --
|    └─Sequential: 2-14                  [8, 128, 64, 64]          --
|    └─Sequential: 2                     []                        --
|    |    └─Conv2d: 3-38                 [8, 128, 64, 64]          --
|    |    └─BatchNorm2d: 3-39            [8, 128, 64, 64]          --
|    |    └─ReLU: 3-40                   [8, 128, 64, 64]          --
|    |    └─Conv2d: 3-41                 [8, 128, 64, 64]          --
|    |    └─BatchNorm2d: 3-42            [8, 128, 64, 64]          --
|    |    └─ReLU: 3-43                   [8, 128, 64, 64]          --
|    └─ConvTranspose2d: 2-15             [8, 64, 128, 128]         --
|    └─Sequential: 2-16                  [8, 64, 128, 128]         --
|    └─Sequential: 2                     []                        --
|    |    └─Conv2d: 3-44                 [8, 64, 128, 128]         --
|    |    └─BatchNorm2d: 3-45            [8, 64, 128, 128]         --
|    |    └─ReLU: 3-46                   [8, 64, 128, 128]         --
|    |    └─Conv2d: 3-47                 [8, 64, 128, 128]         --
|    |    └─BatchNorm2d: 3-48            [8, 64, 128, 128]         --
|    |    └─ReLU: 3-49                   [8, 64, 128, 128]         --
|    └─ConvTranspose2d: 2-17             [8, 32, 256, 256]         --
|    └─Sequential: 2-18                  [8, 32, 256, 256]         --
|    └─Sequential: 2                     []                        --
|    |    └─Conv2d: 3-50                 [8, 32, 256, 256]         --
|    |    └─BatchNorm2d: 3-51            [8, 32, 256, 256]         --
|    |    └─ReLU: 3-52                   [8, 32, 256, 256]         --
|    |    └─Conv2d: 3-53                 [8, 32, 256, 256]         --
|    |    └─BatchNorm2d: 3-54            [8, 32, 256, 256]         --
|    |    └─ReLU: 3-55                   [8, 32, 256, 256]         --
|    └─Conv2d: 2-19                      [8, 11, 256, 256]         --
|    └─Sequential: 2                     []                        --
|    |    └─BatchNorm2d: 3-56            [8, 32, 256, 256]         64
|    |    └─ReLU: 3-57                   [8, 32, 256, 256]         --
|    |    └─Conv2d: 3-58                 [8, 32, 256, 256]         9,216
|    |    └─BatchNorm2d: 3-59            [8, 32, 256, 256]         64
|    |    └─ReLU: 3-60                   [8, 32, 256, 256]         --
|    └─MaxPool2d: 2-20                   [8, 32, 128, 128]         --
|    └─Sequential: 2-21                  [8, 64, 128, 128]         --
|    └─Sequential: 2                     []                        --
|    |    └─Conv2d: 3-61                 [8, 64, 128, 128]         18,432
|    |    └─BatchNorm2d: 3-62            [8, 64, 128, 128]         128
|    |    └─ReLU: 3-63                   [8, 64, 128, 128]         --
|    |    └─Conv2d: 3-64                 [8, 64, 128, 128]         36,864
|    |    └─BatchNorm2d: 3-65            [8, 64, 128, 128]         128
|    |    └─ReLU: 3-66                   [8, 64, 128, 128]         --
|    └─MaxPool2d: 2-22                   [8, 64, 64, 64]           --
|    └─Sequential: 2-23                  [8, 128, 64, 64]          --
|    └─Sequential: 2                     []                        --
|    |    └─Conv2d: 3-67                 [8, 128, 64, 64]          73,728
|    |    └─BatchNorm2d: 3-68            [8, 128, 64, 64]          256
|    |    └─ReLU: 3-69                   [8, 128, 64, 64]          --
|    |    └─Conv2d: 3-70                 [8, 128, 64, 64]          147,456
|    |    └─BatchNorm2d: 3-71            [8, 128, 64, 64]          256
|    |    └─ReLU: 3-72                   [8, 128, 64, 64]          --
|    └─MaxPool2d: 2-24                   [8, 128, 32, 32]          --
|    └─Sequential: 2-25                  [8, 256, 32, 32]          --
|    └─Sequential: 2                     []                        --
|    |    └─Conv2d: 3-73                 [8, 256, 32, 32]          294,912
|    |    └─BatchNorm2d: 3-74            [8, 256, 32, 32]          512
|    |    └─ReLU: 3-75                   [8, 256, 32, 32]          --
|    |    └─Conv2d: 3-76                 [8, 256, 32, 32]          589,824
|    |    └─BatchNorm2d: 3-77            [8, 256, 32, 32]          512
|    |    └─ReLU: 3-78                   [8, 256, 32, 32]          --
|    └─MaxPool2d: 2-26                   [8, 256, 16, 16]          --
|    └─Sequential: 2-27                  [8, 512, 16, 16]          --
|    └─Sequential: 2                     []                        --
|    |    └─Conv2d: 3-79                 [8, 512, 16, 16]          1,179,648
|    |    └─BatchNorm2d: 3-80            [8, 512, 16, 16]          1,024
|    |    └─ReLU: 3-81                   [8, 512, 16, 16]          --
|    |    └─Conv2d: 3-82                 [8, 512, 16, 16]          2,359,296
|    |    └─BatchNorm2d: 3-83            [8, 512, 16, 16]          1,024
|    |    └─ReLU: 3-84                   [8, 512, 16, 16]          --
|    └─ConvTranspose2d: 2-28             [8, 256, 32, 32]          524,544
|    └─Sequential: 2-29                  [8, 256, 32, 32]          --
|    └─Sequential: 2                     []                        --
|    |    └─Conv2d: 3-85                 [8, 256, 32, 32]          1,179,648
|    |    └─BatchNorm2d: 3-86            [8, 256, 32, 32]          512
|    |    └─ReLU: 3-87                   [8, 256, 32, 32]          --
|    |    └─Conv2d: 3-88                 [8, 256, 32, 32]          589,824
|    |    └─BatchNorm2d: 3-89            [8, 256, 32, 32]          512
|    |    └─ReLU: 3-90                   [8, 256, 32, 32]          --
|    └─ConvTranspose2d: 2-30             [8, 128, 64, 64]          131,200
|    └─Sequential: 2-31                  [8, 128, 64, 64]          --
|    └─Sequential: 2                     []                        --
|    |    └─Conv2d: 3-91                 [8, 128, 64, 64]          294,912
|    |    └─BatchNorm2d: 3-92            [8, 128, 64, 64]          256
|    |    └─ReLU: 3-93                   [8, 128, 64, 64]          --
|    |    └─Conv2d: 3-94                 [8, 128, 64, 64]          147,456
|    |    └─BatchNorm2d: 3-95            [8, 128, 64, 64]          256
|    |    └─ReLU: 3-96                   [8, 128, 64, 64]          --
|    └─ConvTranspose2d: 2-32             [8, 64, 128, 128]         32,832
|    └─Sequential: 2-33                  [8, 64, 128, 128]         --
|    └─Sequential: 2                     []                        --
|    |    └─Conv2d: 3-97                 [8, 64, 128, 128]         73,728
|    |    └─BatchNorm2d: 3-98            [8, 64, 128, 128]         128
|    |    └─ReLU: 3-99                   [8, 64, 128, 128]         --
|    |    └─Conv2d: 3-100                [8, 64, 128, 128]         36,864
|    |    └─BatchNorm2d: 3-101           [8, 64, 128, 128]         128
|    |    └─ReLU: 3-102                  [8, 64, 128, 128]         --
|    └─ConvTranspose2d: 2-34             [8, 32, 256, 256]         8,224
|    └─Sequential: 2-35                  [8, 32, 256, 256]         --
|    └─Sequential: 2                     []                        --
|    |    └─Conv2d: 3-103                [8, 32, 256, 256]         18,432
|    |    └─BatchNorm2d: 3-104           [8, 32, 256, 256]         64
|    |    └─ReLU: 3-105                  [8, 32, 256, 256]         --
|    |    └─Conv2d: 3-106                [8, 32, 256, 256]         9,216
|    |    └─BatchNorm2d: 3-107           [8, 32, 256, 256]         64
|    |    └─ReLU: 3-108                  [8, 32, 256, 256]         --
|    └─Conv2d: 2-36                      [8, 11, 256, 256]         363
==========================================================================================
Total params: 7,763,371
Trainable params: 7,763,371
Non-trainable params: 0
Total mult-adds (G): 13.65
==========================================================================================
Input size (MB): 12.00
Forward/backward pass size (MB): 2108.00
Params size (MB): 29.61
Estimated Total Size (MB): 2149.61
==========================================================================================
== Status ==
Current time: 2023-01-29 06:25:55 (running for 00:00:01.19)
Memory usage on this node: 11.3/62.7 GiB 
Using FIFO scheduling algorithm.
Resources requested: 0/12 CPUs, 2.0/2 GPUs, 0.0/16.93 GiB heap, 0.0/8.47 GiB objects (0.0/1.0 accelerator_type:G)
Result logdir: /homes/fbaraldi/deep-seasonal-color-analysis-system/models/tuned_training/UNet/train_model_with_ray_2023-01-29_06-25-54
Number of trials: 1/1 (1 RUNNING)
+----------------------------------+----------+------------------------+
| Trial name                       | status   | loc                    |
|----------------------------------+----------+------------------------|
| train_model_with_ray_66c41_00000 | RUNNING  | 155.185.48.240:1846251 |
+----------------------------------+----------+------------------------+


Result for train_model_with_ray_66c41_00000:
  date: 2023-01-29_06-32-55
  done: false
  experiment_id: 36ae6fbe8f334422893564bc731b5005
  hostname: carabbaggio
  iterations_since_restore: 1
  node_ip: 155.185.48.240
  pid: 1846251
  time_since_restore: 415.3788001537323
  time_this_iter_s: 415.3788001537323
  time_total_s: 415.3788001537323
  timestamp: 1674970375
  timesteps_since_restore: 0
  train_loss: 0.7251141063031147
  train_score: 0.2573316991329193
  training_iteration: 1
  trial_id: 66c41_00000
  warmup_time: 0.0027570724487304688
  
== Status ==
Current time: 2023-01-29 06:35:55 (running for 00:10:01.30)
Memory usage on this node: 13.6/62.7 GiB 
Using FIFO scheduling algorithm.
Resources requested: 0/12 CPUs, 2.0/2 GPUs, 0.0/16.93 GiB heap, 0.0/8.47 GiB objects (0.0/1.0 accelerator_type:G)
Result logdir: /homes/fbaraldi/deep-seasonal-color-analysis-system/models/tuned_training/UNet/train_model_with_ray_2023-01-29_06-25-54
Number of trials: 1/1 (1 RUNNING)
+----------------------------------+----------+------------------------+--------------+---------------+----------------------+
| Trial name                       | status   | loc                    |   train_loss |   train_score |   training_iteration |
|----------------------------------+----------+------------------------+--------------+---------------+----------------------|
| train_model_with_ray_66c41_00000 | RUNNING  | 155.185.48.240:1846251 |     0.725114 |      0.257332 |                    1 |
+----------------------------------+----------+------------------------+--------------+---------------+----------------------+


Result for train_model_with_ray_66c41_00000:
  date: 2023-01-29_06-38-25
  done: false
  experiment_id: 36ae6fbe8f334422893564bc731b5005
  hostname: carabbaggio
  iterations_since_restore: 2
  node_ip: 155.185.48.240
  pid: 1846251
  time_since_restore: 746.0455024242401
  time_this_iter_s: 330.6667022705078
  time_total_s: 746.0455024242401
  timestamp: 1674970705
  timesteps_since_restore: 0
  train_loss: 0.4121609819014675
  train_score: 0.40987706184387207
  training_iteration: 2
  trial_id: 66c41_00000
  warmup_time: 0.0027570724487304688
  
Result for train_model_with_ray_66c41_00000:
  date: 2023-01-29_06-43-58
  done: false
  experiment_id: 36ae6fbe8f334422893564bc731b5005
  hostname: carabbaggio
  iterations_since_restore: 3
  node_ip: 155.185.48.240
  pid: 1846251
  time_since_restore: 1078.5527791976929
  time_this_iter_s: 332.50727677345276
  time_total_s: 1078.5527791976929
  timestamp: 1674971038
  timesteps_since_restore: 0
  train_loss: 0.26397309824373877
  train_score: 0.48106226325035095
  training_iteration: 3
  trial_id: 66c41_00000
  warmup_time: 0.0027570724487304688
  
== Status ==
Current time: 2023-01-29 06:45:58 (running for 00:20:04.42)
Memory usage on this node: 13.6/62.7 GiB 
Using FIFO scheduling algorithm.
Resources requested: 0/12 CPUs, 2.0/2 GPUs, 0.0/16.93 GiB heap, 0.0/8.47 GiB objects (0.0/1.0 accelerator_type:G)
Result logdir: /homes/fbaraldi/deep-seasonal-color-analysis-system/models/tuned_training/UNet/train_model_with_ray_2023-01-29_06-25-54
Number of trials: 1/1 (1 RUNNING)
+----------------------------------+----------+------------------------+--------------+---------------+----------------------+
| Trial name                       | status   | loc                    |   train_loss |   train_score |   training_iteration |
|----------------------------------+----------+------------------------+--------------+---------------+----------------------|
| train_model_with_ray_66c41_00000 | RUNNING  | 155.185.48.240:1846251 |     0.263973 |      0.481062 |                    3 |
+----------------------------------+----------+------------------------+--------------+---------------+----------------------+


Result for train_model_with_ray_66c41_00000:
  date: 2023-01-29_06-49-38
  done: false
  experiment_id: 36ae6fbe8f334422893564bc731b5005
  hostname: carabbaggio
  iterations_since_restore: 4
  node_ip: 155.185.48.240
  pid: 1846251
  time_since_restore: 1418.429135799408
  time_this_iter_s: 339.8763566017151
  time_total_s: 1418.429135799408
  timestamp: 1674971378
  timesteps_since_restore: 0
  train_loss: 0.18635893636523884
  train_score: 0.5268160700798035
  training_iteration: 4
  trial_id: 66c41_00000
  warmup_time: 0.0027570724487304688
  
Result for train_model_with_ray_66c41_00000:
  date: 2023-01-29_06-55-14
  done: false
  experiment_id: 36ae6fbe8f334422893564bc731b5005
  hostname: carabbaggio
  iterations_since_restore: 5
  node_ip: 155.185.48.240
  pid: 1846251
  time_since_restore: 1754.572552204132
  time_this_iter_s: 336.1434164047241
  time_total_s: 1754.572552204132
  timestamp: 1674971714
  timesteps_since_restore: 0
  train_loss: 0.14614184398965363
  train_score: 0.568041205406189
  training_iteration: 5
  trial_id: 66c41_00000
  warmup_time: 0.0027570724487304688
  
== Status ==
Current time: 2023-01-29 06:55:59 (running for 00:30:05.36)
Memory usage on this node: 13.6/62.7 GiB 
Using FIFO scheduling algorithm.
Resources requested: 0/12 CPUs, 2.0/2 GPUs, 0.0/16.93 GiB heap, 0.0/8.47 GiB objects (0.0/1.0 accelerator_type:G)
Result logdir: /homes/fbaraldi/deep-seasonal-color-analysis-system/models/tuned_training/UNet/train_model_with_ray_2023-01-29_06-25-54
Number of trials: 1/1 (1 RUNNING)
+----------------------------------+----------+------------------------+--------------+---------------+----------------------+
| Trial name                       | status   | loc                    |   train_loss |   train_score |   training_iteration |
|----------------------------------+----------+------------------------+--------------+---------------+----------------------|
| train_model_with_ray_66c41_00000 | RUNNING  | 155.185.48.240:1846251 |     0.146142 |      0.568041 |                    5 |
+----------------------------------+----------+------------------------+--------------+---------------+----------------------+


Result for train_model_with_ray_66c41_00000:
  date: 2023-01-29_07-00-51
  done: false
  experiment_id: 36ae6fbe8f334422893564bc731b5005
  hostname: carabbaggio
  iterations_since_restore: 6
  node_ip: 155.185.48.240
  pid: 1846251
  time_since_restore: 2091.837589263916
  time_this_iter_s: 337.26503705978394
  time_total_s: 2091.837589263916
  timestamp: 1674972051
  timesteps_since_restore: 0
  train_loss: 0.11695458108002935
  train_score: 0.6366108655929565
  training_iteration: 6
  trial_id: 66c41_00000
  warmup_time: 0.0027570724487304688
  
== Status ==
Current time: 2023-01-29 07:06:02 (running for 00:40:08.28)
Memory usage on this node: 13.6/62.7 GiB 
Using FIFO scheduling algorithm.
Resources requested: 0/12 CPUs, 2.0/2 GPUs, 0.0/16.93 GiB heap, 0.0/8.47 GiB objects (0.0/1.0 accelerator_type:G)
Result logdir: /homes/fbaraldi/deep-seasonal-color-analysis-system/models/tuned_training/UNet/train_model_with_ray_2023-01-29_06-25-54
Number of trials: 1/1 (1 RUNNING)
+----------------------------------+----------+------------------------+--------------+---------------+----------------------+
| Trial name                       | status   | loc                    |   train_loss |   train_score |   training_iteration |
|----------------------------------+----------+------------------------+--------------+---------------+----------------------|
| train_model_with_ray_66c41_00000 | RUNNING  | 155.185.48.240:1846251 |     0.116955 |      0.636611 |                    6 |
+----------------------------------+----------+------------------------+--------------+---------------+----------------------+


Result for train_model_with_ray_66c41_00000:
  date: 2023-01-29_07-06-24
  done: false
  experiment_id: 36ae6fbe8f334422893564bc731b5005
  hostname: carabbaggio
  iterations_since_restore: 7
  node_ip: 155.185.48.240
  pid: 1846251
  time_since_restore: 2425.041600227356
  time_this_iter_s: 333.20401096343994
  time_total_s: 2425.041600227356
  timestamp: 1674972384
  timesteps_since_restore: 0
  train_loss: 0.10268920522629134
  train_score: 0.6574463248252869
  training_iteration: 7
  trial_id: 66c41_00000
  warmup_time: 0.0027570724487304688
  
Result for train_model_with_ray_66c41_00000:
  date: 2023-01-29_07-11-56
  done: false
  experiment_id: 36ae6fbe8f334422893564bc731b5005
  hostname: carabbaggio
  iterations_since_restore: 8
  node_ip: 155.185.48.240
  pid: 1846251
  time_since_restore: 2756.3383741378784
  time_this_iter_s: 331.29677391052246
  time_total_s: 2756.3383741378784
  timestamp: 1674972716
  timesteps_since_restore: 0
  train_loss: 0.08682219831874322
  train_score: 0.6789461970329285
  training_iteration: 8
  trial_id: 66c41_00000
  warmup_time: 0.0027570724487304688
  
== Status ==
Current time: 2023-01-29 07:16:06 (running for 00:50:12.55)
Memory usage on this node: 13.6/62.7 GiB 
Using FIFO scheduling algorithm.
Resources requested: 0/12 CPUs, 2.0/2 GPUs, 0.0/16.93 GiB heap, 0.0/8.47 GiB objects (0.0/1.0 accelerator_type:G)
Result logdir: /homes/fbaraldi/deep-seasonal-color-analysis-system/models/tuned_training/UNet/train_model_with_ray_2023-01-29_06-25-54
Number of trials: 1/1 (1 RUNNING)
+----------------------------------+----------+------------------------+--------------+---------------+----------------------+
| Trial name                       | status   | loc                    |   train_loss |   train_score |   training_iteration |
|----------------------------------+----------+------------------------+--------------+---------------+----------------------|
| train_model_with_ray_66c41_00000 | RUNNING  | 155.185.48.240:1846251 |    0.0868222 |      0.678946 |                    8 |
+----------------------------------+----------+------------------------+--------------+---------------+----------------------+


Result for train_model_with_ray_66c41_00000:
  date: 2023-01-29_07-17-29
  done: false
  experiment_id: 36ae6fbe8f334422893564bc731b5005
  hostname: carabbaggio
  iterations_since_restore: 9
  node_ip: 155.185.48.240
  pid: 1846251
  time_since_restore: 3089.431223154068
  time_this_iter_s: 333.0928490161896
  time_total_s: 3089.431223154068
  timestamp: 1674973049
  timesteps_since_restore: 0
  train_loss: 0.0780400913771796
  train_score: 0.6934992074966431
  training_iteration: 9
  trial_id: 66c41_00000
  warmup_time: 0.0027570724487304688
  
Result for train_model_with_ray_66c41_00000:
  date: 2023-01-29_07-22-57
  done: false
  experiment_id: 36ae6fbe8f334422893564bc731b5005
  hostname: carabbaggio
  iterations_since_restore: 10
  node_ip: 155.185.48.240
  pid: 1846251
  time_since_restore: 3417.7136664390564
  time_this_iter_s: 328.2824432849884
  time_total_s: 3417.7136664390564
  timestamp: 1674973377
  timesteps_since_restore: 0
  train_loss: 0.07016789068117683
  train_score: 0.7037706971168518
  training_iteration: 10
  trial_id: 66c41_00000
  warmup_time: 0.0027570724487304688
  
== Status ==
Current time: 2023-01-29 07:26:07 (running for 01:00:13.53)
Memory usage on this node: 13.6/62.7 GiB 
Using FIFO scheduling algorithm.
Resources requested: 0/12 CPUs, 2.0/2 GPUs, 0.0/16.93 GiB heap, 0.0/8.47 GiB objects (0.0/1.0 accelerator_type:G)
Result logdir: /homes/fbaraldi/deep-seasonal-color-analysis-system/models/tuned_training/UNet/train_model_with_ray_2023-01-29_06-25-54
Number of trials: 1/1 (1 RUNNING)
+----------------------------------+----------+------------------------+--------------+---------------+----------------------+
| Trial name                       | status   | loc                    |   train_loss |   train_score |   training_iteration |
|----------------------------------+----------+------------------------+--------------+---------------+----------------------|
| train_model_with_ray_66c41_00000 | RUNNING  | 155.185.48.240:1846251 |    0.0701679 |      0.703771 |                   10 |
+----------------------------------+----------+------------------------+--------------+---------------+----------------------+


Result for train_model_with_ray_66c41_00000:
  date: 2023-01-29_07-28-28
  done: false
  experiment_id: 36ae6fbe8f334422893564bc731b5005
  hostname: carabbaggio
  iterations_since_restore: 11
  node_ip: 155.185.48.240
  pid: 1846251
  time_since_restore: 3748.6006364822388
  time_this_iter_s: 330.8869700431824
  time_total_s: 3748.6006364822388
  timestamp: 1674973708
  timesteps_since_restore: 0
  train_loss: 0.06493831991005189
  train_score: 0.7126968502998352
  training_iteration: 11
  trial_id: 66c41_00000
  warmup_time: 0.0027570724487304688
  
Result for train_model_with_ray_66c41_00000:
  date: 2023-01-29_07-33-56
  done: false
  experiment_id: 36ae6fbe8f334422893564bc731b5005
  hostname: carabbaggio
  iterations_since_restore: 12
  node_ip: 155.185.48.240
  pid: 1846251
  time_since_restore: 4077.0934195518494
  time_this_iter_s: 328.4927830696106
  time_total_s: 4077.0934195518494
  timestamp: 1674974036
  timesteps_since_restore: 0
  train_loss: 0.059716473564397465
  train_score: 0.7192559242248535
  training_iteration: 12
  trial_id: 66c41_00000
  warmup_time: 0.0027570724487304688
  
== Status ==
Current time: 2023-01-29 07:36:12 (running for 01:10:17.91)
Memory usage on this node: 13.6/62.7 GiB 
Using FIFO scheduling algorithm.
Resources requested: 0/12 CPUs, 2.0/2 GPUs, 0.0/16.93 GiB heap, 0.0/8.47 GiB objects (0.0/1.0 accelerator_type:G)
Result logdir: /homes/fbaraldi/deep-seasonal-color-analysis-system/models/tuned_training/UNet/train_model_with_ray_2023-01-29_06-25-54
Number of trials: 1/1 (1 RUNNING)
+----------------------------------+----------+------------------------+--------------+---------------+----------------------+
| Trial name                       | status   | loc                    |   train_loss |   train_score |   training_iteration |
|----------------------------------+----------+------------------------+--------------+---------------+----------------------|
| train_model_with_ray_66c41_00000 | RUNNING  | 155.185.48.240:1846251 |    0.0597165 |      0.719256 |                   12 |
+----------------------------------+----------+------------------------+--------------+---------------+----------------------+


Result for train_model_with_ray_66c41_00000:
  date: 2023-01-29_07-39-26
  done: false
  experiment_id: 36ae6fbe8f334422893564bc731b5005
  hostname: carabbaggio
  iterations_since_restore: 13
  node_ip: 155.185.48.240
  pid: 1846251
  time_since_restore: 4406.813241004944
  time_this_iter_s: 329.7198214530945
  time_total_s: 4406.813241004944
  timestamp: 1674974366
  timesteps_since_restore: 0
  train_loss: 0.05330570836967035
  train_score: 0.7296550273895264
  training_iteration: 13
  trial_id: 66c41_00000
  warmup_time: 0.0027570724487304688
  
Result for train_model_with_ray_66c41_00000:
  date: 2023-01-29_07-44-57
  done: false
  experiment_id: 36ae6fbe8f334422893564bc731b5005
  hostname: carabbaggio
  iterations_since_restore: 14
  node_ip: 155.185.48.240
  pid: 1846251
  time_since_restore: 4737.915693759918
  time_this_iter_s: 331.10245275497437
  time_total_s: 4737.915693759918
  timestamp: 1674974697
  timesteps_since_restore: 0
  train_loss: 0.05213964394909727
  train_score: 0.7320534586906433
  training_iteration: 14
  trial_id: 66c41_00000
  warmup_time: 0.0027570724487304688
  
== Status ==
Current time: 2023-01-29 07:46:12 (running for 01:20:18.71)
Memory usage on this node: 13.6/62.7 GiB 
Using FIFO scheduling algorithm.
Resources requested: 0/12 CPUs, 2.0/2 GPUs, 0.0/16.93 GiB heap, 0.0/8.47 GiB objects (0.0/1.0 accelerator_type:G)
Result logdir: /homes/fbaraldi/deep-seasonal-color-analysis-system/models/tuned_training/UNet/train_model_with_ray_2023-01-29_06-25-54
Number of trials: 1/1 (1 RUNNING)
+----------------------------------+----------+------------------------+--------------+---------------+----------------------+
| Trial name                       | status   | loc                    |   train_loss |   train_score |   training_iteration |
|----------------------------------+----------+------------------------+--------------+---------------+----------------------|
| train_model_with_ray_66c41_00000 | RUNNING  | 155.185.48.240:1846251 |    0.0521396 |      0.732053 |                   14 |
+----------------------------------+----------+------------------------+--------------+---------------+----------------------+


Result for train_model_with_ray_66c41_00000:
  date: 2023-01-29_07-50-28
  done: false
  experiment_id: 36ae6fbe8f334422893564bc731b5005
  hostname: carabbaggio
  iterations_since_restore: 15
  node_ip: 155.185.48.240
  pid: 1846251
  time_since_restore: 5069.069098711014
  time_this_iter_s: 331.1534049510956
  time_total_s: 5069.069098711014
  timestamp: 1674975028
  timesteps_since_restore: 0
  train_loss: 0.04721066971932242
  train_score: 0.737745463848114
  training_iteration: 15
  trial_id: 66c41_00000
  warmup_time: 0.0027570724487304688
  
Result for train_model_with_ray_66c41_00000:
  date: 2023-01-29_07-55-57
  done: false
  experiment_id: 36ae6fbe8f334422893564bc731b5005
  hostname: carabbaggio
  iterations_since_restore: 16
  node_ip: 155.185.48.240
  pid: 1846251
  time_since_restore: 5398.144652843475
  time_this_iter_s: 329.07555413246155
  time_total_s: 5398.144652843475
  timestamp: 1674975357
  timesteps_since_restore: 0
  train_loss: 0.04368474465561749
  train_score: 0.7452317476272583
  training_iteration: 16
  trial_id: 66c41_00000
  warmup_time: 0.0027570724487304688
  
== Status ==
Current time: 2023-01-29 07:56:12 (running for 01:30:18.71)
Memory usage on this node: 13.6/62.7 GiB 
Using FIFO scheduling algorithm.
Resources requested: 0/12 CPUs, 2.0/2 GPUs, 0.0/16.93 GiB heap, 0.0/8.47 GiB objects (0.0/1.0 accelerator_type:G)
Result logdir: /homes/fbaraldi/deep-seasonal-color-analysis-system/models/tuned_training/UNet/train_model_with_ray_2023-01-29_06-25-54
Number of trials: 1/1 (1 RUNNING)
+----------------------------------+----------+------------------------+--------------+---------------+----------------------+
| Trial name                       | status   | loc                    |   train_loss |   train_score |   training_iteration |
|----------------------------------+----------+------------------------+--------------+---------------+----------------------|
| train_model_with_ray_66c41_00000 | RUNNING  | 155.185.48.240:1846251 |    0.0436847 |      0.745232 |                   16 |
+----------------------------------+----------+------------------------+--------------+---------------+----------------------+


Result for train_model_with_ray_66c41_00000:
  date: 2023-01-29_08-01-26
  done: false
  experiment_id: 36ae6fbe8f334422893564bc731b5005
  hostname: carabbaggio
  iterations_since_restore: 17
  node_ip: 155.185.48.240
  pid: 1846251
  time_since_restore: 5726.4320187568665
  time_this_iter_s: 328.2873659133911
  time_total_s: 5726.4320187568665
  timestamp: 1674975686
  timesteps_since_restore: 0
  train_loss: 0.04010323205221773
  train_score: 0.7502535581588745
  training_iteration: 17
  trial_id: 66c41_00000
  warmup_time: 0.0027570724487304688
  
== Status ==
Current time: 2023-01-29 08:06:17 (running for 01:40:22.74)
Memory usage on this node: 13.6/62.7 GiB 
Using FIFO scheduling algorithm.
Resources requested: 0/12 CPUs, 2.0/2 GPUs, 0.0/16.93 GiB heap, 0.0/8.47 GiB objects (0.0/1.0 accelerator_type:G)
Result logdir: /homes/fbaraldi/deep-seasonal-color-analysis-system/models/tuned_training/UNet/train_model_with_ray_2023-01-29_06-25-54
Number of trials: 1/1 (1 RUNNING)
+----------------------------------+----------+------------------------+--------------+---------------+----------------------+
| Trial name                       | status   | loc                    |   train_loss |   train_score |   training_iteration |
|----------------------------------+----------+------------------------+--------------+---------------+----------------------|
| train_model_with_ray_66c41_00000 | RUNNING  | 155.185.48.240:1846251 |    0.0401032 |      0.750254 |                   17 |
+----------------------------------+----------+------------------------+--------------+---------------+----------------------+


Result for train_model_with_ray_66c41_00000:
  date: 2023-01-29_08-06-55
  done: false
  experiment_id: 36ae6fbe8f334422893564bc731b5005
  hostname: carabbaggio
  iterations_since_restore: 18
  node_ip: 155.185.48.240
  pid: 1846251
  time_since_restore: 6055.502790689468
  time_this_iter_s: 329.07077193260193
  time_total_s: 6055.502790689468
  timestamp: 1674976015
  timesteps_since_restore: 0
  train_loss: 0.037524696395584936
  train_score: 0.7554065585136414
  training_iteration: 18
  trial_id: 66c41_00000
  warmup_time: 0.0027570724487304688
  
Result for train_model_with_ray_66c41_00000:
  date: 2023-01-29_08-12-23
  done: false
  experiment_id: 36ae6fbe8f334422893564bc731b5005
  hostname: carabbaggio
  iterations_since_restore: 19
  node_ip: 155.185.48.240
  pid: 1846251
  time_since_restore: 6383.949364185333
  time_this_iter_s: 328.44657349586487
  time_total_s: 6383.949364185333
  timestamp: 1674976343
  timesteps_since_restore: 0
  train_loss: 0.036266839680145914
  train_score: 0.7580750584602356
  training_iteration: 19
  trial_id: 66c41_00000
  warmup_time: 0.0027570724487304688
  
== Status ==
Current time: 2023-01-29 08:16:19 (running for 01:50:24.89)
Memory usage on this node: 13.7/62.7 GiB 
Using FIFO scheduling algorithm.
Resources requested: 0/12 CPUs, 2.0/2 GPUs, 0.0/16.93 GiB heap, 0.0/8.47 GiB objects (0.0/1.0 accelerator_type:G)
Result logdir: /homes/fbaraldi/deep-seasonal-color-analysis-system/models/tuned_training/UNet/train_model_with_ray_2023-01-29_06-25-54
Number of trials: 1/1 (1 RUNNING)
+----------------------------------+----------+------------------------+--------------+---------------+----------------------+
| Trial name                       | status   | loc                    |   train_loss |   train_score |   training_iteration |
|----------------------------------+----------+------------------------+--------------+---------------+----------------------|
| train_model_with_ray_66c41_00000 | RUNNING  | 155.185.48.240:1846251 |    0.0362668 |      0.758075 |                   19 |
+----------------------------------+----------+------------------------+--------------+---------------+----------------------+


Result for train_model_with_ray_66c41_00000:
  date: 2023-01-29_08-17-51
  done: false
  experiment_id: 36ae6fbe8f334422893564bc731b5005
  hostname: carabbaggio
  iterations_since_restore: 20
  node_ip: 155.185.48.240
  pid: 1846251
  time_since_restore: 6712.029865980148
  time_this_iter_s: 328.08050179481506
  time_total_s: 6712.029865980148
  timestamp: 1674976671
  timesteps_since_restore: 0
  train_loss: 0.03462416314471518
  train_score: 0.7616932392120361
  training_iteration: 20
  trial_id: 66c41_00000
  warmup_time: 0.0027570724487304688
  
Result for train_model_with_ray_66c41_00000:
  date: 2023-01-29_08-23-20
  done: false
  experiment_id: 36ae6fbe8f334422893564bc731b5005
  hostname: carabbaggio
  iterations_since_restore: 21
  node_ip: 155.185.48.240
  pid: 1846251
  time_since_restore: 7041.225577354431
  time_this_iter_s: 329.19571137428284
  time_total_s: 7041.225577354431
  timestamp: 1674977000
  timesteps_since_restore: 0
  train_loss: 0.03240771974890776
  train_score: 0.7654424905776978
  training_iteration: 21
  trial_id: 66c41_00000
  warmup_time: 0.0027570724487304688
  
== Status ==
Current time: 2023-01-29 08:26:21 (running for 02:00:27.55)
Memory usage on this node: 13.7/62.7 GiB 
Using FIFO scheduling algorithm.
Resources requested: 0/12 CPUs, 2.0/2 GPUs, 0.0/16.93 GiB heap, 0.0/8.47 GiB objects (0.0/1.0 accelerator_type:G)
Result logdir: /homes/fbaraldi/deep-seasonal-color-analysis-system/models/tuned_training/UNet/train_model_with_ray_2023-01-29_06-25-54
Number of trials: 1/1 (1 RUNNING)
+----------------------------------+----------+------------------------+--------------+---------------+----------------------+
| Trial name                       | status   | loc                    |   train_loss |   train_score |   training_iteration |
|----------------------------------+----------+------------------------+--------------+---------------+----------------------|
| train_model_with_ray_66c41_00000 | RUNNING  | 155.185.48.240:1846251 |    0.0324077 |      0.765442 |                   21 |
+----------------------------------+----------+------------------------+--------------+---------------+----------------------+


Result for train_model_with_ray_66c41_00000:
  date: 2023-01-29_08-28-49
  done: false
  experiment_id: 36ae6fbe8f334422893564bc731b5005
  hostname: carabbaggio
  iterations_since_restore: 22
  node_ip: 155.185.48.240
  pid: 1846251
  time_since_restore: 7369.842866182327
  time_this_iter_s: 328.6172888278961
  time_total_s: 7369.842866182327
  timestamp: 1674977329
  timesteps_since_restore: 0
  train_loss: 0.03501674455974562
  train_score: 0.763892650604248
  training_iteration: 22
  trial_id: 66c41_00000
  warmup_time: 0.0027570724487304688
  
Result for train_model_with_ray_66c41_00000:
  date: 2023-01-29_08-34-18
  done: false
  experiment_id: 36ae6fbe8f334422893564bc731b5005
  hostname: carabbaggio
  iterations_since_restore: 23
  node_ip: 155.185.48.240
  pid: 1846251
  time_since_restore: 7699.013484239578
  time_this_iter_s: 329.170618057251
  time_total_s: 7699.013484239578
  timestamp: 1674977658
  timesteps_since_restore: 0
  train_loss: 0.026483937831057243
  train_score: 0.7790516018867493
  training_iteration: 23
  trial_id: 66c41_00000
  warmup_time: 0.0027570724487304688
  
== Status ==
Current time: 2023-01-29 08:36:24 (running for 02:10:29.78)
Memory usage on this node: 13.7/62.7 GiB 
Using FIFO scheduling algorithm.
Resources requested: 0/12 CPUs, 2.0/2 GPUs, 0.0/16.93 GiB heap, 0.0/8.47 GiB objects (0.0/1.0 accelerator_type:G)
Result logdir: /homes/fbaraldi/deep-seasonal-color-analysis-system/models/tuned_training/UNet/train_model_with_ray_2023-01-29_06-25-54
Number of trials: 1/1 (1 RUNNING)
+----------------------------------+----------+------------------------+--------------+---------------+----------------------+
| Trial name                       | status   | loc                    |   train_loss |   train_score |   training_iteration |
|----------------------------------+----------+------------------------+--------------+---------------+----------------------|
| train_model_with_ray_66c41_00000 | RUNNING  | 155.185.48.240:1846251 |    0.0264839 |      0.779052 |                   23 |
+----------------------------------+----------+------------------------+--------------+---------------+----------------------+


Result for train_model_with_ray_66c41_00000:
  date: 2023-01-29_08-39-48
  done: false
  experiment_id: 36ae6fbe8f334422893564bc731b5005
  hostname: carabbaggio
  iterations_since_restore: 24
  node_ip: 155.185.48.240
  pid: 1846251
  time_since_restore: 8028.427792072296
  time_this_iter_s: 329.4143078327179
  time_total_s: 8028.427792072296
  timestamp: 1674977988
  timesteps_since_restore: 0
  train_loss: 0.029093659518932995
  train_score: 0.7747660279273987
  training_iteration: 24
  trial_id: 66c41_00000
  warmup_time: 0.0027570724487304688
  
Result for train_model_with_ray_66c41_00000:
  date: 2023-01-29_08-45-47
  done: false
  experiment_id: 36ae6fbe8f334422893564bc731b5005
  hostname: carabbaggio
  iterations_since_restore: 25
  node_ip: 155.185.48.240
  pid: 1846251
  time_since_restore: 8388.217500686646
  time_this_iter_s: 359.78970861434937
  time_total_s: 8388.217500686646
  timestamp: 1674978347
  timesteps_since_restore: 0
  train_loss: 0.028101483034476765
  train_score: 0.7755180597305298
  training_iteration: 25
  trial_id: 66c41_00000
  warmup_time: 0.0027570724487304688
  
== Status ==
Current time: 2023-01-29 08:46:28 (running for 02:20:33.81)
Memory usage on this node: 13.7/62.7 GiB 
Using FIFO scheduling algorithm.
Resources requested: 0/12 CPUs, 2.0/2 GPUs, 0.0/16.93 GiB heap, 0.0/8.47 GiB objects (0.0/1.0 accelerator_type:G)
Result logdir: /homes/fbaraldi/deep-seasonal-color-analysis-system/models/tuned_training/UNet/train_model_with_ray_2023-01-29_06-25-54
Number of trials: 1/1 (1 RUNNING)
+----------------------------------+----------+------------------------+--------------+---------------+----------------------+
| Trial name                       | status   | loc                    |   train_loss |   train_score |   training_iteration |
|----------------------------------+----------+------------------------+--------------+---------------+----------------------|
| train_model_with_ray_66c41_00000 | RUNNING  | 155.185.48.240:1846251 |    0.0281015 |      0.775518 |                   25 |
+----------------------------------+----------+------------------------+--------------+---------------+----------------------+


Result for train_model_with_ray_66c41_00000:
  date: 2023-01-29_08-51-21
  done: false
  experiment_id: 36ae6fbe8f334422893564bc731b5005
  hostname: carabbaggio
  iterations_since_restore: 26
  node_ip: 155.185.48.240
  pid: 1846251
  time_since_restore: 8722.166946172714
  time_this_iter_s: 333.9494454860687
  time_total_s: 8722.166946172714
  timestamp: 1674978681
  timesteps_since_restore: 0
  train_loss: 0.025988033380327877
  train_score: 0.7820079326629639
  training_iteration: 26
  trial_id: 66c41_00000
  warmup_time: 0.0027570724487304688
  
== Status ==
Current time: 2023-01-29 08:56:32 (running for 02:30:38.48)
Memory usage on this node: 13.7/62.7 GiB 
Using FIFO scheduling algorithm.
Resources requested: 0/12 CPUs, 2.0/2 GPUs, 0.0/16.93 GiB heap, 0.0/8.47 GiB objects (0.0/1.0 accelerator_type:G)
Result logdir: /homes/fbaraldi/deep-seasonal-color-analysis-system/models/tuned_training/UNet/train_model_with_ray_2023-01-29_06-25-54
Number of trials: 1/1 (1 RUNNING)
+----------------------------------+----------+------------------------+--------------+---------------+----------------------+
| Trial name                       | status   | loc                    |   train_loss |   train_score |   training_iteration |
|----------------------------------+----------+------------------------+--------------+---------------+----------------------|
| train_model_with_ray_66c41_00000 | RUNNING  | 155.185.48.240:1846251 |     0.025988 |      0.782008 |                   26 |
+----------------------------------+----------+------------------------+--------------+---------------+----------------------+


Result for train_model_with_ray_66c41_00000:
  date: 2023-01-29_08-56-55
  done: false
  experiment_id: 36ae6fbe8f334422893564bc731b5005
  hostname: carabbaggio
  iterations_since_restore: 27
  node_ip: 155.185.48.240
  pid: 1846251
  time_since_restore: 9055.364391803741
  time_this_iter_s: 333.1974456310272
  time_total_s: 9055.364391803741
  timestamp: 1674979015
  timesteps_since_restore: 0
  train_loss: 0.024435854158809063
  train_score: 0.7842000126838684
  training_iteration: 27
  trial_id: 66c41_00000
  warmup_time: 0.0027570724487304688
  
Result for train_model_with_ray_66c41_00000:
  date: 2023-01-29_09-02-29
  done: false
  experiment_id: 36ae6fbe8f334422893564bc731b5005
  hostname: carabbaggio
  iterations_since_restore: 28
  node_ip: 155.185.48.240
  pid: 1846251
  time_since_restore: 9390.253978967667
  time_this_iter_s: 334.88958716392517
  time_total_s: 9390.253978967667
  timestamp: 1674979349
  timesteps_since_restore: 0
  train_loss: 0.0262140310161095
  train_score: 0.7802517414093018
  training_iteration: 28
  trial_id: 66c41_00000
  warmup_time: 0.0027570724487304688
  
== Status ==
Current time: 2023-01-29 09:06:35 (running for 02:40:41.45)
Memory usage on this node: 13.7/62.7 GiB 
Using FIFO scheduling algorithm.
Resources requested: 0/12 CPUs, 2.0/2 GPUs, 0.0/16.93 GiB heap, 0.0/8.47 GiB objects (0.0/1.0 accelerator_type:G)
Result logdir: /homes/fbaraldi/deep-seasonal-color-analysis-system/models/tuned_training/UNet/train_model_with_ray_2023-01-29_06-25-54
Number of trials: 1/1 (1 RUNNING)
+----------------------------------+----------+------------------------+--------------+---------------+----------------------+
| Trial name                       | status   | loc                    |   train_loss |   train_score |   training_iteration |
|----------------------------------+----------+------------------------+--------------+---------------+----------------------|
| train_model_with_ray_66c41_00000 | RUNNING  | 155.185.48.240:1846251 |     0.026214 |      0.780252 |                   28 |
+----------------------------------+----------+------------------------+--------------+---------------+----------------------+


Result for train_model_with_ray_66c41_00000:
  date: 2023-01-29_09-08-06
  done: false
  experiment_id: 36ae6fbe8f334422893564bc731b5005
  hostname: carabbaggio
  iterations_since_restore: 29
  node_ip: 155.185.48.240
  pid: 1846251
  time_since_restore: 9726.618448495865
  time_this_iter_s: 336.36446952819824
  time_total_s: 9726.618448495865
  timestamp: 1674979686
  timesteps_since_restore: 0
  train_loss: 0.022184141026978733
  train_score: 0.7898610234260559
  training_iteration: 29
  trial_id: 66c41_00000
  warmup_time: 0.0027570724487304688
  
Result for train_model_with_ray_66c41_00000:
  date: 2023-01-29_09-13-47
  done: false
  experiment_id: 36ae6fbe8f334422893564bc731b5005
  hostname: carabbaggio
  iterations_since_restore: 30
  node_ip: 155.185.48.240
  pid: 1846251
  time_since_restore: 10067.61255121231
  time_this_iter_s: 340.9941027164459
  time_total_s: 10067.61255121231
  timestamp: 1674980027
  timesteps_since_restore: 0
  train_loss: 0.025476807889448616
  train_score: 0.7833688259124756
  training_iteration: 30
  trial_id: 66c41_00000
  warmup_time: 0.0027570724487304688
  
Result for train_model_with_ray_66c41_00000:
  date: 2023-01-29_09-13-47
  done: true
  experiment_id: 36ae6fbe8f334422893564bc731b5005
  experiment_tag: '0'
  hostname: carabbaggio
  iterations_since_restore: 30
  node_ip: 155.185.48.240
  pid: 1846251
  time_since_restore: 10067.61255121231
  time_this_iter_s: 340.9941027164459
  time_total_s: 10067.61255121231
  timestamp: 1674980027
  timesteps_since_restore: 0
  train_loss: 0.025476807889448616
  train_score: 0.7833688259124756
  training_iteration: 30
  trial_id: 66c41_00000
  warmup_time: 0.0027570724487304688
  
== Status ==
Current time: 2023-01-29 09:13:47 (running for 02:47:53.47)
Memory usage on this node: 13.3/62.7 GiB 
Using FIFO scheduling algorithm.
Resources requested: 0/12 CPUs, 0/2 GPUs, 0.0/16.93 GiB heap, 0.0/8.47 GiB objects (0.0/1.0 accelerator_type:G)
Result logdir: /homes/fbaraldi/deep-seasonal-color-analysis-system/models/tuned_training/UNet/train_model_with_ray_2023-01-29_06-25-54
Number of trials: 1/1 (1 TERMINATED)
+----------------------------------+------------+------------------------+--------------+---------------+----------------------+
| Trial name                       | status     | loc                    |   train_loss |   train_score |   training_iteration |
|----------------------------------+------------+------------------------+--------------+---------------+----------------------|
| train_model_with_ray_66c41_00000 | TERMINATED | 155.185.48.240:1846251 |    0.0254768 |      0.783369 |                   30 |
+----------------------------------+------------+------------------------+--------------+---------------+----------------------+


