===============================================================================================
Layer (type:depth-idx)                        Output Shape              Param #
===============================================================================================
├─FastSCNN: 1-1                               []                        --
├─FastSCNN: 1                                 []                        --
|    └─LearningToDownsample: 2-1              []                        --
|    └─LearningToDownsample: 2                []                        --
|    |    └─_ConvBNReLU: 3-1                  []                        928
├─FastSCNN: 1-2                               [16, 11, 512, 512]        --
├─FastSCNN: 1                                 []                        --
|    └─LearningToDownsample: 2-2              [16, 64, 64, 64]          --
|    └─LearningToDownsample: 2                []                        --
|    |    └─_ConvBNReLU: 3-2                  [16, 32, 255, 255]        --
|    |    └─_DSConv: 3-3                      [16, 48, 128, 128]        1,984
|    |    └─_DSConv: 3-4                      [16, 64, 64, 64]          3,728
|    └─GlobalFeatureExtractor: 2-3            [16, 128, 16, 16]         --
|    └─GlobalFeatureExtractor: 2              []                        --
|    |    └─Sequential: 3-5                   [16, 64, 32, 32]          162,816
|    |    └─Sequential: 3-6                   [16, 96, 16, 16]          303,168
|    |    └─Sequential: 3-7                   [16, 128, 16, 16]         550,464
|    |    └─PyramidPooling: 3-8               [16, 128, 16, 16]         49,664
|    └─FeatureFusionModule: 2-4               [16, 128, 64, 64]         --
|    └─FeatureFusionModule: 2                 []                        --
|    |    └─_DWConv: 3-9                      [16, 128, 64, 64]         1,408
|    |    └─Sequential: 3-10                  [16, 128, 64, 64]         16,768
|    |    └─Sequential: 3-11                  [16, 128, 64, 64]         8,576
|    |    └─ReLU: 3-12                        [16, 128, 64, 64]         --
|    └─Classifer: 2-5                         [16, 11, 64, 64]          --
|    └─Classifer: 2                           []                        --
|    |    └─_DSConv: 3-13                     [16, 128, 64, 64]         18,048
|    |    └─_DSConv: 3-14                     [16, 128, 64, 64]         18,048
|    |    └─Sequential: 3-15                  [16, 11, 64, 64]          1,419
|    └─LearningToDownsample: 2                []                        --
|    |    └─_DSConv: 3-16                     [16, 48, 128, 128]        --
|    |    └─_DSConv: 3-17                     [16, 64, 64, 64]          --
|    └─GlobalFeatureExtractor: 2-6            [16, 128, 16, 16]         --
|    └─GlobalFeatureExtractor: 2              []                        --
|    |    └─Sequential: 3-18                  [16, 64, 32, 32]          --
|    |    └─Sequential: 3-19                  [16, 96, 16, 16]          --
|    |    └─Sequential: 3-20                  [16, 128, 16, 16]         --
|    |    └─PyramidPooling: 3-21              [16, 128, 16, 16]         --
|    └─FeatureFusionModule: 2-7               [16, 128, 64, 64]         --
|    └─FeatureFusionModule: 2                 []                        --
|    |    └─_DWConv: 3-22                     [16, 128, 64, 64]         --
|    |    └─Sequential: 3-23                  [16, 128, 64, 64]         --
|    |    └─Sequential: 3-24                  [16, 128, 64, 64]         --
|    |    └─ReLU: 3-25                        [16, 128, 64, 64]         --
|    └─Classifer: 2-8                         [16, 11, 64, 64]          --
|    └─Classifer: 2                           []                        --
|    |    └─_DSConv: 3-26                     [16, 128, 64, 64]         --
|    |    └─_DSConv: 3-27                     [16, 128, 64, 64]         --
|    |    └─Sequential: 3-28                  [16, 11, 64, 64]          --
===============================================================================================
Total params: 1,137,019
Trainable params: 1,137,019
Non-trainable params: 0
Total mult-adds (M): 109.77
===============================================================================================
Input size (MB): 96.00
Forward/backward pass size (MB): 261.50
Params size (MB): 4.34
Estimated Total Size (MB): 361.84
===============================================================================================
== Status ==
Current time: 2023-01-28 15:52:56 (running for 00:00:00.64)
Memory usage on this node: 22.2/251.6 GiB 
Using FIFO scheduling algorithm.
Resources requested: 0/56 CPUs, 2.0/2 GPUs, 0.0/153.71 GiB heap, 0.0/69.87 GiB objects (0.0/1.0 accelerator_type:P100)
Result logdir: /homes/fbaraldi/deep-seasonal-color-analysis-system/models/training_best/FastSCNN/train_model_with_ray_2023-01-28_15-52-55
Number of trials: 1/1 (1 RUNNING)
+----------------------------------+----------+---------------------+
| Trial name                       | status   | loc                 |
|----------------------------------+----------+---------------------|
| train_model_with_ray_72a58_00000 | RUNNING  | 155.185.49.58:21961 |
+----------------------------------+----------+---------------------+


== Status ==
Current time: 2023-01-28 16:02:59 (running for 00:10:03.60)
Memory usage on this node: 20.4/251.6 GiB 
Using FIFO scheduling algorithm.
Resources requested: 0/56 CPUs, 2.0/2 GPUs, 0.0/153.71 GiB heap, 0.0/69.87 GiB objects (0.0/1.0 accelerator_type:P100)
Result logdir: /homes/fbaraldi/deep-seasonal-color-analysis-system/models/training_best/FastSCNN/train_model_with_ray_2023-01-28_15-52-55
Number of trials: 1/1 (1 RUNNING)
+----------------------------------+----------+---------------------+
| Trial name                       | status   | loc                 |
|----------------------------------+----------+---------------------|
| train_model_with_ray_72a58_00000 | RUNNING  | 155.185.49.58:21961 |
+----------------------------------+----------+---------------------+


== Status ==
Current time: 2023-01-28 16:13:01 (running for 00:20:05.80)
Memory usage on this node: 25.9/251.6 GiB 
Using FIFO scheduling algorithm.
Resources requested: 0/56 CPUs, 2.0/2 GPUs, 0.0/153.71 GiB heap, 0.0/69.87 GiB objects (0.0/1.0 accelerator_type:P100)
Result logdir: /homes/fbaraldi/deep-seasonal-color-analysis-system/models/training_best/FastSCNN/train_model_with_ray_2023-01-28_15-52-55
Number of trials: 1/1 (1 RUNNING)
+----------------------------------+----------+---------------------+
| Trial name                       | status   | loc                 |
|----------------------------------+----------+---------------------|
| train_model_with_ray_72a58_00000 | RUNNING  | 155.185.49.58:21961 |
+----------------------------------+----------+---------------------+


Result for train_model_with_ray_72a58_00000:
  date: 2023-01-28_16-13-48
  done: false
  experiment_id: ad443a0de2764ff2b857938a91beb441
  hostname: aimagelab-srv-10
  iterations_since_restore: 1
  node_ip: 155.185.49.58
  pid: 21961
  time_since_restore: 1240.0582859516144
  time_this_iter_s: 1240.0582859516144
  time_total_s: 1240.0582859516144
  timestamp: 1674918828
  timesteps_since_restore: 0
  train_loss: 0.32259683318201626
  train_score: 0.39218929409980774
  training_iteration: 1
  trial_id: 72a58_00000
  warmup_time: 0.005053281784057617
  
== Status ==
Current time: 2023-01-28 16:23:06 (running for 00:30:10.78)
Memory usage on this node: 21.6/251.6 GiB 
Using FIFO scheduling algorithm.
Resources requested: 0/56 CPUs, 2.0/2 GPUs, 0.0/153.71 GiB heap, 0.0/69.87 GiB objects (0.0/1.0 accelerator_type:P100)
Result logdir: /homes/fbaraldi/deep-seasonal-color-analysis-system/models/training_best/FastSCNN/train_model_with_ray_2023-01-28_15-52-55
Number of trials: 1/1 (1 RUNNING)
+----------------------------------+----------+---------------------+--------------+---------------+----------------------+
| Trial name                       | status   | loc                 |   train_loss |   train_score |   training_iteration |
|----------------------------------+----------+---------------------+--------------+---------------+----------------------|
| train_model_with_ray_72a58_00000 | RUNNING  | 155.185.49.58:21961 |     0.322597 |      0.392189 |                    1 |
+----------------------------------+----------+---------------------+--------------+---------------+----------------------+


Result for train_model_with_ray_72a58_00000:
  date: 2023-01-28_16-32-18
  done: false
  experiment_id: ad443a0de2764ff2b857938a91beb441
  hostname: aimagelab-srv-10
  iterations_since_restore: 2
  node_ip: 155.185.49.58
  pid: 21961
  time_since_restore: 2349.9740324020386
  time_this_iter_s: 1109.9157464504242
  time_total_s: 2349.9740324020386
  timestamp: 1674919938
  timesteps_since_restore: 0
  train_loss: 0.17310908631608793
  train_score: 0.5285263061523438
  training_iteration: 2
  trial_id: 72a58_00000
  warmup_time: 0.005053281784057617
  
== Status ==
Current time: 2023-01-28 16:33:08 (running for 00:40:12.86)
Memory usage on this node: 25.1/251.6 GiB 
Using FIFO scheduling algorithm.
Resources requested: 0/56 CPUs, 2.0/2 GPUs, 0.0/153.71 GiB heap, 0.0/69.87 GiB objects (0.0/1.0 accelerator_type:P100)
Result logdir: /homes/fbaraldi/deep-seasonal-color-analysis-system/models/training_best/FastSCNN/train_model_with_ray_2023-01-28_15-52-55
Number of trials: 1/1 (1 RUNNING)
+----------------------------------+----------+---------------------+--------------+---------------+----------------------+
| Trial name                       | status   | loc                 |   train_loss |   train_score |   training_iteration |
|----------------------------------+----------+---------------------+--------------+---------------+----------------------|
| train_model_with_ray_72a58_00000 | RUNNING  | 155.185.49.58:21961 |     0.173109 |      0.528526 |                    2 |
+----------------------------------+----------+---------------------+--------------+---------------+----------------------+


== Status ==
Current time: 2023-01-28 16:43:09 (running for 00:50:14.21)
Memory usage on this node: 25.3/251.6 GiB 
Using FIFO scheduling algorithm.
Resources requested: 0/56 CPUs, 2.0/2 GPUs, 0.0/153.71 GiB heap, 0.0/69.87 GiB objects (0.0/1.0 accelerator_type:P100)
Result logdir: /homes/fbaraldi/deep-seasonal-color-analysis-system/models/training_best/FastSCNN/train_model_with_ray_2023-01-28_15-52-55
Number of trials: 1/1 (1 RUNNING)
+----------------------------------+----------+---------------------+--------------+---------------+----------------------+
| Trial name                       | status   | loc                 |   train_loss |   train_score |   training_iteration |
|----------------------------------+----------+---------------------+--------------+---------------+----------------------|
| train_model_with_ray_72a58_00000 | RUNNING  | 155.185.49.58:21961 |     0.173109 |      0.528526 |                    2 |
+----------------------------------+----------+---------------------+--------------+---------------+----------------------+


Result for train_model_with_ray_72a58_00000:
  date: 2023-01-28_16-50-30
  done: false
  experiment_id: ad443a0de2764ff2b857938a91beb441
  hostname: aimagelab-srv-10
  iterations_since_restore: 3
  node_ip: 155.185.49.58
  pid: 21961
  time_since_restore: 3442.9173018932343
  time_this_iter_s: 1092.9432694911957
  time_total_s: 3442.9173018932343
  timestamp: 1674921030
  timesteps_since_restore: 0
  train_loss: 0.1328904588524135
  train_score: 0.5825055837631226
  training_iteration: 3
  trial_id: 72a58_00000
  warmup_time: 0.005053281784057617
  
== Status ==
Current time: 2023-01-28 16:53:11 (running for 01:00:15.59)
Memory usage on this node: 25.0/251.6 GiB 
Using FIFO scheduling algorithm.
Resources requested: 0/56 CPUs, 2.0/2 GPUs, 0.0/153.71 GiB heap, 0.0/69.87 GiB objects (0.0/1.0 accelerator_type:P100)
Result logdir: /homes/fbaraldi/deep-seasonal-color-analysis-system/models/training_best/FastSCNN/train_model_with_ray_2023-01-28_15-52-55
Number of trials: 1/1 (1 RUNNING)
+----------------------------------+----------+---------------------+--------------+---------------+----------------------+
| Trial name                       | status   | loc                 |   train_loss |   train_score |   training_iteration |
|----------------------------------+----------+---------------------+--------------+---------------+----------------------|
| train_model_with_ray_72a58_00000 | RUNNING  | 155.185.49.58:21961 |      0.13289 |      0.582506 |                    3 |
+----------------------------------+----------+---------------------+--------------+---------------+----------------------+


== Status ==
Current time: 2023-01-28 17:03:12 (running for 01:10:17.19)
Memory usage on this node: 21.8/251.6 GiB 
Using FIFO scheduling algorithm.
Resources requested: 0/56 CPUs, 2.0/2 GPUs, 0.0/153.71 GiB heap, 0.0/69.87 GiB objects (0.0/1.0 accelerator_type:P100)
Result logdir: /homes/fbaraldi/deep-seasonal-color-analysis-system/models/training_best/FastSCNN/train_model_with_ray_2023-01-28_15-52-55
Number of trials: 1/1 (1 RUNNING)
+----------------------------------+----------+---------------------+--------------+---------------+----------------------+
| Trial name                       | status   | loc                 |   train_loss |   train_score |   training_iteration |
|----------------------------------+----------+---------------------+--------------+---------------+----------------------|
| train_model_with_ray_72a58_00000 | RUNNING  | 155.185.49.58:21961 |      0.13289 |      0.582506 |                    3 |
+----------------------------------+----------+---------------------+--------------+---------------+----------------------+


Result for train_model_with_ray_72a58_00000:
  date: 2023-01-28_17-08-48
  done: false
  experiment_id: ad443a0de2764ff2b857938a91beb441
  hostname: aimagelab-srv-10
  iterations_since_restore: 4
  node_ip: 155.185.49.58
  pid: 21961
  time_since_restore: 4540.316295862198
  time_this_iter_s: 1097.3989939689636
  time_total_s: 4540.316295862198
  timestamp: 1674922128
  timesteps_since_restore: 0
  train_loss: 0.11781817244379342
  train_score: 0.6069649457931519
  training_iteration: 4
  trial_id: 72a58_00000
  warmup_time: 0.005053281784057617
  
== Status ==
Current time: 2023-01-28 17:13:14 (running for 01:20:18.92)
Memory usage on this node: 23.5/251.6 GiB 
Using FIFO scheduling algorithm.
Resources requested: 0/56 CPUs, 2.0/2 GPUs, 0.0/153.71 GiB heap, 0.0/69.87 GiB objects (0.0/1.0 accelerator_type:P100)
Result logdir: /homes/fbaraldi/deep-seasonal-color-analysis-system/models/training_best/FastSCNN/train_model_with_ray_2023-01-28_15-52-55
Number of trials: 1/1 (1 RUNNING)
+----------------------------------+----------+---------------------+--------------+---------------+----------------------+
| Trial name                       | status   | loc                 |   train_loss |   train_score |   training_iteration |
|----------------------------------+----------+---------------------+--------------+---------------+----------------------|
| train_model_with_ray_72a58_00000 | RUNNING  | 155.185.49.58:21961 |     0.117818 |      0.606965 |                    4 |
+----------------------------------+----------+---------------------+--------------+---------------+----------------------+


== Status ==
Current time: 2023-01-28 17:23:16 (running for 01:30:20.58)
Memory usage on this node: 23.7/251.6 GiB 
Using FIFO scheduling algorithm.
Resources requested: 0/56 CPUs, 2.0/2 GPUs, 0.0/153.71 GiB heap, 0.0/69.87 GiB objects (0.0/1.0 accelerator_type:P100)
Result logdir: /homes/fbaraldi/deep-seasonal-color-analysis-system/models/training_best/FastSCNN/train_model_with_ray_2023-01-28_15-52-55
Number of trials: 1/1 (1 RUNNING)
+----------------------------------+----------+---------------------+--------------+---------------+----------------------+
| Trial name                       | status   | loc                 |   train_loss |   train_score |   training_iteration |
|----------------------------------+----------+---------------------+--------------+---------------+----------------------|
| train_model_with_ray_72a58_00000 | RUNNING  | 155.185.49.58:21961 |     0.117818 |      0.606965 |                    4 |
+----------------------------------+----------+---------------------+--------------+---------------+----------------------+


Result for train_model_with_ray_72a58_00000:
  date: 2023-01-28_17-27-35
  done: false
  experiment_id: ad443a0de2764ff2b857938a91beb441
  hostname: aimagelab-srv-10
  iterations_since_restore: 5
  node_ip: 155.185.49.58
  pid: 21961
  time_since_restore: 5667.000283718109
  time_this_iter_s: 1126.6839878559113
  time_total_s: 5667.000283718109
  timestamp: 1674923255
  timesteps_since_restore: 0
  train_loss: 0.1078249530248867
  train_score: 0.6216251850128174
  training_iteration: 5
  trial_id: 72a58_00000
  warmup_time: 0.005053281784057617
  
== Status ==
Current time: 2023-01-28 17:33:20 (running for 01:40:25.22)
Memory usage on this node: 26.9/251.6 GiB 
Using FIFO scheduling algorithm.
Resources requested: 0/56 CPUs, 2.0/2 GPUs, 0.0/153.71 GiB heap, 0.0/69.87 GiB objects (0.0/1.0 accelerator_type:P100)
Result logdir: /homes/fbaraldi/deep-seasonal-color-analysis-system/models/training_best/FastSCNN/train_model_with_ray_2023-01-28_15-52-55
Number of trials: 1/1 (1 RUNNING)
+----------------------------------+----------+---------------------+--------------+---------------+----------------------+
| Trial name                       | status   | loc                 |   train_loss |   train_score |   training_iteration |
|----------------------------------+----------+---------------------+--------------+---------------+----------------------|
| train_model_with_ray_72a58_00000 | RUNNING  | 155.185.49.58:21961 |     0.107825 |      0.621625 |                    5 |
+----------------------------------+----------+---------------------+--------------+---------------+----------------------+


== Status ==
Current time: 2023-01-28 17:43:22 (running for 01:50:26.86)
Memory usage on this node: 30.6/251.6 GiB 
Using FIFO scheduling algorithm.
Resources requested: 0/56 CPUs, 2.0/2 GPUs, 0.0/153.71 GiB heap, 0.0/69.87 GiB objects (0.0/1.0 accelerator_type:P100)
Result logdir: /homes/fbaraldi/deep-seasonal-color-analysis-system/models/training_best/FastSCNN/train_model_with_ray_2023-01-28_15-52-55
Number of trials: 1/1 (1 RUNNING)
+----------------------------------+----------+---------------------+--------------+---------------+----------------------+
| Trial name                       | status   | loc                 |   train_loss |   train_score |   training_iteration |
|----------------------------------+----------+---------------------+--------------+---------------+----------------------|
| train_model_with_ray_72a58_00000 | RUNNING  | 155.185.49.58:21961 |     0.107825 |      0.621625 |                    5 |
+----------------------------------+----------+---------------------+--------------+---------------+----------------------+


Result for train_model_with_ray_72a58_00000:
  date: 2023-01-28_17-46-20
  done: false
  experiment_id: ad443a0de2764ff2b857938a91beb441
  hostname: aimagelab-srv-10
  iterations_since_restore: 6
  node_ip: 155.185.49.58
  pid: 21961
  time_since_restore: 6792.209277868271
  time_this_iter_s: 1125.2089941501617
  time_total_s: 6792.209277868271
  timestamp: 1674924380
  timesteps_since_restore: 0
  train_loss: 0.1015591873239374
  train_score: 0.6333259344100952
  training_iteration: 6
  trial_id: 72a58_00000
  warmup_time: 0.005053281784057617
  
== Status ==
Current time: 2023-01-28 17:53:27 (running for 02:00:31.52)
Memory usage on this node: 32.3/251.6 GiB 
Using FIFO scheduling algorithm.
Resources requested: 0/56 CPUs, 2.0/2 GPUs, 0.0/153.71 GiB heap, 0.0/69.87 GiB objects (0.0/1.0 accelerator_type:P100)
Result logdir: /homes/fbaraldi/deep-seasonal-color-analysis-system/models/training_best/FastSCNN/train_model_with_ray_2023-01-28_15-52-55
Number of trials: 1/1 (1 RUNNING)
+----------------------------------+----------+---------------------+--------------+---------------+----------------------+
| Trial name                       | status   | loc                 |   train_loss |   train_score |   training_iteration |
|----------------------------------+----------+---------------------+--------------+---------------+----------------------|
| train_model_with_ray_72a58_00000 | RUNNING  | 155.185.49.58:21961 |     0.101559 |      0.633326 |                    6 |
+----------------------------------+----------+---------------------+--------------+---------------+----------------------+


== Status ==
Current time: 2023-01-28 18:03:28 (running for 02:10:33.27)
Memory usage on this node: 31.8/251.6 GiB 
Using FIFO scheduling algorithm.
Resources requested: 0/56 CPUs, 2.0/2 GPUs, 0.0/153.71 GiB heap, 0.0/69.87 GiB objects (0.0/1.0 accelerator_type:P100)
Result logdir: /homes/fbaraldi/deep-seasonal-color-analysis-system/models/training_best/FastSCNN/train_model_with_ray_2023-01-28_15-52-55
Number of trials: 1/1 (1 RUNNING)
+----------------------------------+----------+---------------------+--------------+---------------+----------------------+
| Trial name                       | status   | loc                 |   train_loss |   train_score |   training_iteration |
|----------------------------------+----------+---------------------+--------------+---------------+----------------------|
| train_model_with_ray_72a58_00000 | RUNNING  | 155.185.49.58:21961 |     0.101559 |      0.633326 |                    6 |
+----------------------------------+----------+---------------------+--------------+---------------+----------------------+


Result for train_model_with_ray_72a58_00000:
  date: 2023-01-28_18-05-12
  done: false
  experiment_id: ad443a0de2764ff2b857938a91beb441
  hostname: aimagelab-srv-10
  iterations_since_restore: 7
  node_ip: 155.185.49.58
  pid: 21961
  time_since_restore: 7924.126145124435
  time_this_iter_s: 1131.9168672561646
  time_total_s: 7924.126145124435
  timestamp: 1674925512
  timesteps_since_restore: 0
  train_loss: 0.08710005499657072
  train_score: 0.6553276181221008
  training_iteration: 7
  trial_id: 72a58_00000
  warmup_time: 0.005053281784057617
  
== Status ==
Current time: 2023-01-28 18:13:33 (running for 02:20:37.72)
Memory usage on this node: 31.7/251.6 GiB 
Using FIFO scheduling algorithm.
Resources requested: 0/56 CPUs, 2.0/2 GPUs, 0.0/153.71 GiB heap, 0.0/69.87 GiB objects (0.0/1.0 accelerator_type:P100)
Result logdir: /homes/fbaraldi/deep-seasonal-color-analysis-system/models/training_best/FastSCNN/train_model_with_ray_2023-01-28_15-52-55
Number of trials: 1/1 (1 RUNNING)
+----------------------------------+----------+---------------------+--------------+---------------+----------------------+
| Trial name                       | status   | loc                 |   train_loss |   train_score |   training_iteration |
|----------------------------------+----------+---------------------+--------------+---------------+----------------------|
| train_model_with_ray_72a58_00000 | RUNNING  | 155.185.49.58:21961 |    0.0871001 |      0.655328 |                    7 |
+----------------------------------+----------+---------------------+--------------+---------------+----------------------+


== Status ==
Current time: 2023-01-28 18:23:35 (running for 02:30:39.42)
Memory usage on this node: 32.6/251.6 GiB 
Using FIFO scheduling algorithm.
Resources requested: 0/56 CPUs, 2.0/2 GPUs, 0.0/153.71 GiB heap, 0.0/69.87 GiB objects (0.0/1.0 accelerator_type:P100)
Result logdir: /homes/fbaraldi/deep-seasonal-color-analysis-system/models/training_best/FastSCNN/train_model_with_ray_2023-01-28_15-52-55
Number of trials: 1/1 (1 RUNNING)
+----------------------------------+----------+---------------------+--------------+---------------+----------------------+
| Trial name                       | status   | loc                 |   train_loss |   train_score |   training_iteration |
|----------------------------------+----------+---------------------+--------------+---------------+----------------------|
| train_model_with_ray_72a58_00000 | RUNNING  | 155.185.49.58:21961 |    0.0871001 |      0.655328 |                    7 |
+----------------------------------+----------+---------------------+--------------+---------------+----------------------+


Result for train_model_with_ray_72a58_00000:
  date: 2023-01-28_18-24-03
  done: false
  experiment_id: ad443a0de2764ff2b857938a91beb441
  hostname: aimagelab-srv-10
  iterations_since_restore: 8
  node_ip: 155.185.49.58
  pid: 21961
  time_since_restore: 9055.872543334961
  time_this_iter_s: 1131.7463982105255
  time_total_s: 9055.872543334961
  timestamp: 1674926643
  timesteps_since_restore: 0
  train_loss: 0.08071391411648825
  train_score: 0.6658048629760742
  training_iteration: 8
  trial_id: 72a58_00000
  warmup_time: 0.005053281784057617
  
== Status ==
Current time: 2023-01-28 18:33:35 (running for 02:40:39.88)
Memory usage on this node: 31.8/251.6 GiB 
Using FIFO scheduling algorithm.
Resources requested: 0/56 CPUs, 2.0/2 GPUs, 0.0/153.71 GiB heap, 0.0/69.87 GiB objects (0.0/1.0 accelerator_type:P100)
Result logdir: /homes/fbaraldi/deep-seasonal-color-analysis-system/models/training_best/FastSCNN/train_model_with_ray_2023-01-28_15-52-55
Number of trials: 1/1 (1 RUNNING)
+----------------------------------+----------+---------------------+--------------+---------------+----------------------+
| Trial name                       | status   | loc                 |   train_loss |   train_score |   training_iteration |
|----------------------------------+----------+---------------------+--------------+---------------+----------------------|
| train_model_with_ray_72a58_00000 | RUNNING  | 155.185.49.58:21961 |    0.0807139 |      0.665805 |                    8 |
+----------------------------------+----------+---------------------+--------------+---------------+----------------------+


Result for train_model_with_ray_72a58_00000:
  date: 2023-01-28_18-42-55
  done: false
  experiment_id: ad443a0de2764ff2b857938a91beb441
  hostname: aimagelab-srv-10
  iterations_since_restore: 9
  node_ip: 155.185.49.58
  pid: 21961
  time_since_restore: 10186.966404676437
  time_this_iter_s: 1131.0938613414764
  time_total_s: 10186.966404676437
  timestamp: 1674927775
  timesteps_since_restore: 0
  train_loss: 0.07740003374781794
  train_score: 0.6706519722938538
  training_iteration: 9
  trial_id: 72a58_00000
  warmup_time: 0.005053281784057617
  
== Status ==
Current time: 2023-01-28 18:43:40 (running for 02:50:44.53)
Memory usage on this node: 32.6/251.6 GiB 
Using FIFO scheduling algorithm.
Resources requested: 0/56 CPUs, 2.0/2 GPUs, 0.0/153.71 GiB heap, 0.0/69.87 GiB objects (0.0/1.0 accelerator_type:P100)
Result logdir: /homes/fbaraldi/deep-seasonal-color-analysis-system/models/training_best/FastSCNN/train_model_with_ray_2023-01-28_15-52-55
Number of trials: 1/1 (1 RUNNING)
+----------------------------------+----------+---------------------+--------------+---------------+----------------------+
| Trial name                       | status   | loc                 |   train_loss |   train_score |   training_iteration |
|----------------------------------+----------+---------------------+--------------+---------------+----------------------|
| train_model_with_ray_72a58_00000 | RUNNING  | 155.185.49.58:21961 |       0.0774 |      0.670652 |                    9 |
+----------------------------------+----------+---------------------+--------------+---------------+----------------------+


== Status ==
Current time: 2023-01-28 18:53:42 (running for 03:00:46.43)
Memory usage on this node: 32.5/251.6 GiB 
Using FIFO scheduling algorithm.
Resources requested: 0/56 CPUs, 2.0/2 GPUs, 0.0/153.71 GiB heap, 0.0/69.87 GiB objects (0.0/1.0 accelerator_type:P100)
Result logdir: /homes/fbaraldi/deep-seasonal-color-analysis-system/models/training_best/FastSCNN/train_model_with_ray_2023-01-28_15-52-55
Number of trials: 1/1 (1 RUNNING)
+----------------------------------+----------+---------------------+--------------+---------------+----------------------+
| Trial name                       | status   | loc                 |   train_loss |   train_score |   training_iteration |
|----------------------------------+----------+---------------------+--------------+---------------+----------------------|
| train_model_with_ray_72a58_00000 | RUNNING  | 155.185.49.58:21961 |       0.0774 |      0.670652 |                    9 |
+----------------------------------+----------+---------------------+--------------+---------------+----------------------+


Result for train_model_with_ray_72a58_00000:
  date: 2023-01-28_19-02-00
  done: false
  experiment_id: ad443a0de2764ff2b857938a91beb441
  hostname: aimagelab-srv-10
  iterations_since_restore: 10
  node_ip: 155.185.49.58
  pid: 21961
  time_since_restore: 11332.271433353424
  time_this_iter_s: 1145.3050286769867
  time_total_s: 11332.271433353424
  timestamp: 1674928920
  timesteps_since_restore: 0
  train_loss: 0.0724223020777431
  train_score: 0.6780299544334412
  training_iteration: 10
  trial_id: 72a58_00000
  warmup_time: 0.005053281784057617
  
== Status ==
Current time: 2023-01-28 19:03:45 (running for 03:10:50.19)
Memory usage on this node: 31.1/251.6 GiB 
Using FIFO scheduling algorithm.
Resources requested: 0/56 CPUs, 2.0/2 GPUs, 0.0/153.71 GiB heap, 0.0/69.87 GiB objects (0.0/1.0 accelerator_type:P100)
Result logdir: /homes/fbaraldi/deep-seasonal-color-analysis-system/models/training_best/FastSCNN/train_model_with_ray_2023-01-28_15-52-55
Number of trials: 1/1 (1 RUNNING)
+----------------------------------+----------+---------------------+--------------+---------------+----------------------+
| Trial name                       | status   | loc                 |   train_loss |   train_score |   training_iteration |
|----------------------------------+----------+---------------------+--------------+---------------+----------------------|
| train_model_with_ray_72a58_00000 | RUNNING  | 155.185.49.58:21961 |    0.0724223 |       0.67803 |                   10 |
+----------------------------------+----------+---------------------+--------------+---------------+----------------------+


== Status ==
Current time: 2023-01-28 19:13:47 (running for 03:20:51.66)
Memory usage on this node: 31.3/251.6 GiB 
Using FIFO scheduling algorithm.
Resources requested: 0/56 CPUs, 2.0/2 GPUs, 0.0/153.71 GiB heap, 0.0/69.87 GiB objects (0.0/1.0 accelerator_type:P100)
Result logdir: /homes/fbaraldi/deep-seasonal-color-analysis-system/models/training_best/FastSCNN/train_model_with_ray_2023-01-28_15-52-55
Number of trials: 1/1 (1 RUNNING)
+----------------------------------+----------+---------------------+--------------+---------------+----------------------+
| Trial name                       | status   | loc                 |   train_loss |   train_score |   training_iteration |
|----------------------------------+----------+---------------------+--------------+---------------+----------------------|
| train_model_with_ray_72a58_00000 | RUNNING  | 155.185.49.58:21961 |    0.0724223 |       0.67803 |                   10 |
+----------------------------------+----------+---------------------+--------------+---------------+----------------------+


Result for train_model_with_ray_72a58_00000:
  date: 2023-01-28_19-20-54
  done: false
  experiment_id: ad443a0de2764ff2b857938a91beb441
  hostname: aimagelab-srv-10
  iterations_since_restore: 11
  node_ip: 155.185.49.58
  pid: 21961
  time_since_restore: 12466.320800065994
  time_this_iter_s: 1134.0493667125702
  time_total_s: 12466.320800065994
  timestamp: 1674930054
  timesteps_since_restore: 0
  train_loss: 0.06901558262203565
  train_score: 0.6838555932044983
  training_iteration: 11
  trial_id: 72a58_00000
  warmup_time: 0.005053281784057617
  
== Status ==
Current time: 2023-01-28 19:23:49 (running for 03:30:54.25)
Memory usage on this node: 32.0/251.6 GiB 
Using FIFO scheduling algorithm.
Resources requested: 0/56 CPUs, 2.0/2 GPUs, 0.0/153.71 GiB heap, 0.0/69.87 GiB objects (0.0/1.0 accelerator_type:P100)
Result logdir: /homes/fbaraldi/deep-seasonal-color-analysis-system/models/training_best/FastSCNN/train_model_with_ray_2023-01-28_15-52-55
Number of trials: 1/1 (1 RUNNING)
+----------------------------------+----------+---------------------+--------------+---------------+----------------------+
| Trial name                       | status   | loc                 |   train_loss |   train_score |   training_iteration |
|----------------------------------+----------+---------------------+--------------+---------------+----------------------|
| train_model_with_ray_72a58_00000 | RUNNING  | 155.185.49.58:21961 |    0.0690156 |      0.683856 |                   11 |
+----------------------------------+----------+---------------------+--------------+---------------+----------------------+


== Status ==
Current time: 2023-01-28 19:33:51 (running for 03:40:55.64)
Memory usage on this node: 31.2/251.6 GiB 
Using FIFO scheduling algorithm.
Resources requested: 0/56 CPUs, 2.0/2 GPUs, 0.0/153.71 GiB heap, 0.0/69.87 GiB objects (0.0/1.0 accelerator_type:P100)
Result logdir: /homes/fbaraldi/deep-seasonal-color-analysis-system/models/training_best/FastSCNN/train_model_with_ray_2023-01-28_15-52-55
Number of trials: 1/1 (1 RUNNING)
+----------------------------------+----------+---------------------+--------------+---------------+----------------------+
| Trial name                       | status   | loc                 |   train_loss |   train_score |   training_iteration |
|----------------------------------+----------+---------------------+--------------+---------------+----------------------|
| train_model_with_ray_72a58_00000 | RUNNING  | 155.185.49.58:21961 |    0.0690156 |      0.683856 |                   11 |
+----------------------------------+----------+---------------------+--------------+---------------+----------------------+


Result for train_model_with_ray_72a58_00000:
  date: 2023-01-28_19-39-39
  done: false
  experiment_id: ad443a0de2764ff2b857938a91beb441
  hostname: aimagelab-srv-10
  iterations_since_restore: 12
  node_ip: 155.185.49.58
  pid: 21961
  time_since_restore: 13591.774844646454
  time_this_iter_s: 1125.4540445804596
  time_total_s: 13591.774844646454
  timestamp: 1674931179
  timesteps_since_restore: 0
  train_loss: 0.06913818271050441
  train_score: 0.6843984723091125
  training_iteration: 12
  trial_id: 72a58_00000
  warmup_time: 0.005053281784057617
  
== Status ==
Current time: 2023-01-28 19:43:55 (running for 03:50:59.84)
Memory usage on this node: 31.2/251.6 GiB 
Using FIFO scheduling algorithm.
Resources requested: 0/56 CPUs, 2.0/2 GPUs, 0.0/153.71 GiB heap, 0.0/69.87 GiB objects (0.0/1.0 accelerator_type:P100)
Result logdir: /homes/fbaraldi/deep-seasonal-color-analysis-system/models/training_best/FastSCNN/train_model_with_ray_2023-01-28_15-52-55
Number of trials: 1/1 (1 RUNNING)
+----------------------------------+----------+---------------------+--------------+---------------+----------------------+
| Trial name                       | status   | loc                 |   train_loss |   train_score |   training_iteration |
|----------------------------------+----------+---------------------+--------------+---------------+----------------------|
| train_model_with_ray_72a58_00000 | RUNNING  | 155.185.49.58:21961 |    0.0691382 |      0.684398 |                   12 |
+----------------------------------+----------+---------------------+--------------+---------------+----------------------+


== Status ==
Current time: 2023-01-28 19:53:57 (running for 04:01:01.87)
Memory usage on this node: 31.7/251.6 GiB 
Using FIFO scheduling algorithm.
Resources requested: 0/56 CPUs, 2.0/2 GPUs, 0.0/153.71 GiB heap, 0.0/69.87 GiB objects (0.0/1.0 accelerator_type:P100)
Result logdir: /homes/fbaraldi/deep-seasonal-color-analysis-system/models/training_best/FastSCNN/train_model_with_ray_2023-01-28_15-52-55
Number of trials: 1/1 (1 RUNNING)
+----------------------------------+----------+---------------------+--------------+---------------+----------------------+
| Trial name                       | status   | loc                 |   train_loss |   train_score |   training_iteration |
|----------------------------------+----------+---------------------+--------------+---------------+----------------------|
| train_model_with_ray_72a58_00000 | RUNNING  | 155.185.49.58:21961 |    0.0691382 |      0.684398 |                   12 |
+----------------------------------+----------+---------------------+--------------+---------------+----------------------+


Result for train_model_with_ray_72a58_00000:
  date: 2023-01-28_19-58-15
  done: false
  experiment_id: ad443a0de2764ff2b857938a91beb441
  hostname: aimagelab-srv-10
  iterations_since_restore: 13
  node_ip: 155.185.49.58
  pid: 21961
  time_since_restore: 14707.668428659439
  time_this_iter_s: 1115.8935840129852
  time_total_s: 14707.668428659439
  timestamp: 1674932295
  timesteps_since_restore: 0
  train_loss: 0.06406736487554292
  train_score: 0.6942504644393921
  training_iteration: 13
  trial_id: 72a58_00000
  warmup_time: 0.005053281784057617
  
== Status ==
Current time: 2023-01-28 20:04:02 (running for 04:11:06.35)
Memory usage on this node: 31.9/251.6 GiB 
Using FIFO scheduling algorithm.
Resources requested: 0/56 CPUs, 2.0/2 GPUs, 0.0/153.71 GiB heap, 0.0/69.87 GiB objects (0.0/1.0 accelerator_type:P100)
Result logdir: /homes/fbaraldi/deep-seasonal-color-analysis-system/models/training_best/FastSCNN/train_model_with_ray_2023-01-28_15-52-55
Number of trials: 1/1 (1 RUNNING)
+----------------------------------+----------+---------------------+--------------+---------------+----------------------+
| Trial name                       | status   | loc                 |   train_loss |   train_score |   training_iteration |
|----------------------------------+----------+---------------------+--------------+---------------+----------------------|
| train_model_with_ray_72a58_00000 | RUNNING  | 155.185.49.58:21961 |    0.0640674 |       0.69425 |                   13 |
+----------------------------------+----------+---------------------+--------------+---------------+----------------------+


== Status ==
Current time: 2023-01-28 20:14:03 (running for 04:21:07.90)
Memory usage on this node: 31.4/251.6 GiB 
Using FIFO scheduling algorithm.
Resources requested: 0/56 CPUs, 2.0/2 GPUs, 0.0/153.71 GiB heap, 0.0/69.87 GiB objects (0.0/1.0 accelerator_type:P100)
Result logdir: /homes/fbaraldi/deep-seasonal-color-analysis-system/models/training_best/FastSCNN/train_model_with_ray_2023-01-28_15-52-55
Number of trials: 1/1 (1 RUNNING)
+----------------------------------+----------+---------------------+--------------+---------------+----------------------+
| Trial name                       | status   | loc                 |   train_loss |   train_score |   training_iteration |
|----------------------------------+----------+---------------------+--------------+---------------+----------------------|
| train_model_with_ray_72a58_00000 | RUNNING  | 155.185.49.58:21961 |    0.0640674 |       0.69425 |                   13 |
+----------------------------------+----------+---------------------+--------------+---------------+----------------------+


Result for train_model_with_ray_72a58_00000:
  date: 2023-01-28_20-16-51
  done: false
  experiment_id: ad443a0de2764ff2b857938a91beb441
  hostname: aimagelab-srv-10
  iterations_since_restore: 14
  node_ip: 155.185.49.58
  pid: 21961
  time_since_restore: 15823.839214324951
  time_this_iter_s: 1116.170785665512
  time_total_s: 15823.839214324951
  timestamp: 1674933411
  timesteps_since_restore: 0
  train_loss: 0.062057086471783915
  train_score: 0.6959978342056274
  training_iteration: 14
  trial_id: 72a58_00000
  warmup_time: 0.005053281784057617
  
== Status ==
Current time: 2023-01-28 20:24:08 (running for 04:31:12.48)
Memory usage on this node: 32.8/251.6 GiB 
Using FIFO scheduling algorithm.
Resources requested: 0/56 CPUs, 2.0/2 GPUs, 0.0/153.71 GiB heap, 0.0/69.87 GiB objects (0.0/1.0 accelerator_type:P100)
Result logdir: /homes/fbaraldi/deep-seasonal-color-analysis-system/models/training_best/FastSCNN/train_model_with_ray_2023-01-28_15-52-55
Number of trials: 1/1 (1 RUNNING)
+----------------------------------+----------+---------------------+--------------+---------------+----------------------+
| Trial name                       | status   | loc                 |   train_loss |   train_score |   training_iteration |
|----------------------------------+----------+---------------------+--------------+---------------+----------------------|
| train_model_with_ray_72a58_00000 | RUNNING  | 155.185.49.58:21961 |    0.0620571 |      0.695998 |                   14 |
+----------------------------------+----------+---------------------+--------------+---------------+----------------------+


== Status ==
Current time: 2023-01-28 20:34:09 (running for 04:41:14.21)
Memory usage on this node: 32.3/251.6 GiB 
Using FIFO scheduling algorithm.
Resources requested: 0/56 CPUs, 2.0/2 GPUs, 0.0/153.71 GiB heap, 0.0/69.87 GiB objects (0.0/1.0 accelerator_type:P100)
Result logdir: /homes/fbaraldi/deep-seasonal-color-analysis-system/models/training_best/FastSCNN/train_model_with_ray_2023-01-28_15-52-55
Number of trials: 1/1 (1 RUNNING)
+----------------------------------+----------+---------------------+--------------+---------------+----------------------+
| Trial name                       | status   | loc                 |   train_loss |   train_score |   training_iteration |
|----------------------------------+----------+---------------------+--------------+---------------+----------------------|
| train_model_with_ray_72a58_00000 | RUNNING  | 155.185.49.58:21961 |    0.0620571 |      0.695998 |                   14 |
+----------------------------------+----------+---------------------+--------------+---------------+----------------------+


Result for train_model_with_ray_72a58_00000:
  date: 2023-01-28_20-35-28
  done: false
  experiment_id: ad443a0de2764ff2b857938a91beb441
  hostname: aimagelab-srv-10
  iterations_since_restore: 15
  node_ip: 155.185.49.58
  pid: 21961
  time_since_restore: 16940.270516872406
  time_this_iter_s: 1116.4313025474548
  time_total_s: 16940.270516872406
  timestamp: 1674934528
  timesteps_since_restore: 0
  train_loss: 0.06109038199192098
  train_score: 0.6956737637519836
  training_iteration: 15
  trial_id: 72a58_00000
  warmup_time: 0.005053281784057617
  
== Status ==
Current time: 2023-01-28 20:44:10 (running for 04:51:14.47)
Memory usage on this node: 32.5/251.6 GiB 
Using FIFO scheduling algorithm.
Resources requested: 0/56 CPUs, 2.0/2 GPUs, 0.0/153.71 GiB heap, 0.0/69.87 GiB objects (0.0/1.0 accelerator_type:P100)
Result logdir: /homes/fbaraldi/deep-seasonal-color-analysis-system/models/training_best/FastSCNN/train_model_with_ray_2023-01-28_15-52-55
Number of trials: 1/1 (1 RUNNING)
+----------------------------------+----------+---------------------+--------------+---------------+----------------------+
| Trial name                       | status   | loc                 |   train_loss |   train_score |   training_iteration |
|----------------------------------+----------+---------------------+--------------+---------------+----------------------|
| train_model_with_ray_72a58_00000 | RUNNING  | 155.185.49.58:21961 |    0.0610904 |      0.695674 |                   15 |
+----------------------------------+----------+---------------------+--------------+---------------+----------------------+


Result for train_model_with_ray_72a58_00000:
  date: 2023-01-28_20-54-00
  done: false
  experiment_id: ad443a0de2764ff2b857938a91beb441
  hostname: aimagelab-srv-10
  iterations_since_restore: 16
  node_ip: 155.185.49.58
  pid: 21961
  time_since_restore: 18052.474772453308
  time_this_iter_s: 1112.204255580902
  time_total_s: 18052.474772453308
  timestamp: 1674935640
  timesteps_since_restore: 0
  train_loss: 0.060977669820622436
  train_score: 0.6993130445480347
  training_iteration: 16
  trial_id: 72a58_00000
  warmup_time: 0.005053281784057617
  
== Status ==
Current time: 2023-01-28 20:54:10 (running for 05:01:14.95)
Memory usage on this node: 31.7/251.6 GiB 
Using FIFO scheduling algorithm.
Resources requested: 0/56 CPUs, 2.0/2 GPUs, 0.0/153.71 GiB heap, 0.0/69.87 GiB objects (0.0/1.0 accelerator_type:P100)
Result logdir: /homes/fbaraldi/deep-seasonal-color-analysis-system/models/training_best/FastSCNN/train_model_with_ray_2023-01-28_15-52-55
Number of trials: 1/1 (1 RUNNING)
+----------------------------------+----------+---------------------+--------------+---------------+----------------------+
| Trial name                       | status   | loc                 |   train_loss |   train_score |   training_iteration |
|----------------------------------+----------+---------------------+--------------+---------------+----------------------|
| train_model_with_ray_72a58_00000 | RUNNING  | 155.185.49.58:21961 |    0.0609777 |      0.699313 |                   16 |
+----------------------------------+----------+---------------------+--------------+---------------+----------------------+


== Status ==
Current time: 2023-01-28 21:04:12 (running for 05:11:16.87)
Memory usage on this node: 31.6/251.6 GiB 
Using FIFO scheduling algorithm.
Resources requested: 0/56 CPUs, 2.0/2 GPUs, 0.0/153.71 GiB heap, 0.0/69.87 GiB objects (0.0/1.0 accelerator_type:P100)
Result logdir: /homes/fbaraldi/deep-seasonal-color-analysis-system/models/training_best/FastSCNN/train_model_with_ray_2023-01-28_15-52-55
Number of trials: 1/1 (1 RUNNING)
+----------------------------------+----------+---------------------+--------------+---------------+----------------------+
| Trial name                       | status   | loc                 |   train_loss |   train_score |   training_iteration |
|----------------------------------+----------+---------------------+--------------+---------------+----------------------|
| train_model_with_ray_72a58_00000 | RUNNING  | 155.185.49.58:21961 |    0.0609777 |      0.699313 |                   16 |
+----------------------------------+----------+---------------------+--------------+---------------+----------------------+


Result for train_model_with_ray_72a58_00000:
  date: 2023-01-28_21-12-35
  done: false
  experiment_id: ad443a0de2764ff2b857938a91beb441
  hostname: aimagelab-srv-10
  iterations_since_restore: 17
  node_ip: 155.185.49.58
  pid: 21961
  time_since_restore: 19167.280454158783
  time_this_iter_s: 1114.8056817054749
  time_total_s: 19167.280454158783
  timestamp: 1674936755
  timesteps_since_restore: 0
  train_loss: 0.05678192721837658
  train_score: 0.7049500942230225
  training_iteration: 17
  trial_id: 72a58_00000
  warmup_time: 0.005053281784057617
  
== Status ==
Current time: 2023-01-28 21:14:15 (running for 05:21:19.97)
Memory usage on this node: 32.4/251.6 GiB 
Using FIFO scheduling algorithm.
Resources requested: 0/56 CPUs, 2.0/2 GPUs, 0.0/153.71 GiB heap, 0.0/69.87 GiB objects (0.0/1.0 accelerator_type:P100)
Result logdir: /homes/fbaraldi/deep-seasonal-color-analysis-system/models/training_best/FastSCNN/train_model_with_ray_2023-01-28_15-52-55
Number of trials: 1/1 (1 RUNNING)
+----------------------------------+----------+---------------------+--------------+---------------+----------------------+
| Trial name                       | status   | loc                 |   train_loss |   train_score |   training_iteration |
|----------------------------------+----------+---------------------+--------------+---------------+----------------------|
| train_model_with_ray_72a58_00000 | RUNNING  | 155.185.49.58:21961 |    0.0567819 |       0.70495 |                   17 |
+----------------------------------+----------+---------------------+--------------+---------------+----------------------+


== Status ==
Current time: 2023-01-28 21:24:17 (running for 05:31:21.75)
Memory usage on this node: 31.8/251.6 GiB 
Using FIFO scheduling algorithm.
Resources requested: 0/56 CPUs, 2.0/2 GPUs, 0.0/153.71 GiB heap, 0.0/69.87 GiB objects (0.0/1.0 accelerator_type:P100)
Result logdir: /homes/fbaraldi/deep-seasonal-color-analysis-system/models/training_best/FastSCNN/train_model_with_ray_2023-01-28_15-52-55
Number of trials: 1/1 (1 RUNNING)
+----------------------------------+----------+---------------------+--------------+---------------+----------------------+
| Trial name                       | status   | loc                 |   train_loss |   train_score |   training_iteration |
|----------------------------------+----------+---------------------+--------------+---------------+----------------------|
| train_model_with_ray_72a58_00000 | RUNNING  | 155.185.49.58:21961 |    0.0567819 |       0.70495 |                   17 |
+----------------------------------+----------+---------------------+--------------+---------------+----------------------+


Result for train_model_with_ray_72a58_00000:
  date: 2023-01-28_21-31-10
  done: false
  experiment_id: ad443a0de2764ff2b857938a91beb441
  hostname: aimagelab-srv-10
  iterations_since_restore: 18
  node_ip: 155.185.49.58
  pid: 21961
  time_since_restore: 20282.24733567238
  time_this_iter_s: 1114.9668815135956
  time_total_s: 20282.24733567238
  timestamp: 1674937870
  timesteps_since_restore: 0
  train_loss: 0.05380573342881249
  train_score: 0.7098235487937927
  training_iteration: 18
  trial_id: 72a58_00000
  warmup_time: 0.005053281784057617
  
== Status ==
Current time: 2023-01-28 21:34:22 (running for 05:41:26.41)
Memory usage on this node: 32.3/251.6 GiB 
Using FIFO scheduling algorithm.
Resources requested: 0/56 CPUs, 2.0/2 GPUs, 0.0/153.71 GiB heap, 0.0/69.87 GiB objects (0.0/1.0 accelerator_type:P100)
Result logdir: /homes/fbaraldi/deep-seasonal-color-analysis-system/models/training_best/FastSCNN/train_model_with_ray_2023-01-28_15-52-55
Number of trials: 1/1 (1 RUNNING)
+----------------------------------+----------+---------------------+--------------+---------------+----------------------+
| Trial name                       | status   | loc                 |   train_loss |   train_score |   training_iteration |
|----------------------------------+----------+---------------------+--------------+---------------+----------------------|
| train_model_with_ray_72a58_00000 | RUNNING  | 155.185.49.58:21961 |    0.0538057 |      0.709824 |                   18 |
+----------------------------------+----------+---------------------+--------------+---------------+----------------------+


== Status ==
Current time: 2023-01-28 21:44:24 (running for 05:51:28.76)
Memory usage on this node: 32.1/251.6 GiB 
Using FIFO scheduling algorithm.
Resources requested: 0/56 CPUs, 2.0/2 GPUs, 0.0/153.71 GiB heap, 0.0/69.87 GiB objects (0.0/1.0 accelerator_type:P100)
Result logdir: /homes/fbaraldi/deep-seasonal-color-analysis-system/models/training_best/FastSCNN/train_model_with_ray_2023-01-28_15-52-55
Number of trials: 1/1 (1 RUNNING)
+----------------------------------+----------+---------------------+--------------+---------------+----------------------+
| Trial name                       | status   | loc                 |   train_loss |   train_score |   training_iteration |
|----------------------------------+----------+---------------------+--------------+---------------+----------------------|
| train_model_with_ray_72a58_00000 | RUNNING  | 155.185.49.58:21961 |    0.0538057 |      0.709824 |                   18 |
+----------------------------------+----------+---------------------+--------------+---------------+----------------------+


Result for train_model_with_ray_72a58_00000:
  date: 2023-01-28_21-49-53
  done: false
  experiment_id: ad443a0de2764ff2b857938a91beb441
  hostname: aimagelab-srv-10
  iterations_since_restore: 19
  node_ip: 155.185.49.58
  pid: 21961
  time_since_restore: 21405.795704364777
  time_this_iter_s: 1123.548368692398
  time_total_s: 21405.795704364777
  timestamp: 1674938993
  timesteps_since_restore: 0
  train_loss: 0.05575790258967848
  train_score: 0.7063143253326416
  training_iteration: 19
  trial_id: 72a58_00000
  warmup_time: 0.005053281784057617
  
== Status ==
Current time: 2023-01-28 21:54:24 (running for 06:01:28.99)
Memory usage on this node: 31.6/251.6 GiB 
Using FIFO scheduling algorithm.
Resources requested: 0/56 CPUs, 2.0/2 GPUs, 0.0/153.71 GiB heap, 0.0/69.87 GiB objects (0.0/1.0 accelerator_type:P100)
Result logdir: /homes/fbaraldi/deep-seasonal-color-analysis-system/models/training_best/FastSCNN/train_model_with_ray_2023-01-28_15-52-55
Number of trials: 1/1 (1 RUNNING)
+----------------------------------+----------+---------------------+--------------+---------------+----------------------+
| Trial name                       | status   | loc                 |   train_loss |   train_score |   training_iteration |
|----------------------------------+----------+---------------------+--------------+---------------+----------------------|
| train_model_with_ray_72a58_00000 | RUNNING  | 155.185.49.58:21961 |    0.0557579 |      0.706314 |                   19 |
+----------------------------------+----------+---------------------+--------------+---------------+----------------------+


== Status ==
Current time: 2023-01-28 22:04:27 (running for 06:11:31.81)
Memory usage on this node: 32.6/251.6 GiB 
Using FIFO scheduling algorithm.
Resources requested: 0/56 CPUs, 2.0/2 GPUs, 0.0/153.71 GiB heap, 0.0/69.87 GiB objects (0.0/1.0 accelerator_type:P100)
Result logdir: /homes/fbaraldi/deep-seasonal-color-analysis-system/models/training_best/FastSCNN/train_model_with_ray_2023-01-28_15-52-55
Number of trials: 1/1 (1 RUNNING)
+----------------------------------+----------+---------------------+--------------+---------------+----------------------+
| Trial name                       | status   | loc                 |   train_loss |   train_score |   training_iteration |
|----------------------------------+----------+---------------------+--------------+---------------+----------------------|
| train_model_with_ray_72a58_00000 | RUNNING  | 155.185.49.58:21961 |    0.0557579 |      0.706314 |                   19 |
+----------------------------------+----------+---------------------+--------------+---------------+----------------------+


Result for train_model_with_ray_72a58_00000:
  date: 2023-01-28_22-08-36
  done: false
  experiment_id: ad443a0de2764ff2b857938a91beb441
  hostname: aimagelab-srv-10
  iterations_since_restore: 20
  node_ip: 155.185.49.58
  pid: 21961
  time_since_restore: 22528.7082157135
  time_this_iter_s: 1122.9125113487244
  time_total_s: 22528.7082157135
  timestamp: 1674940116
  timesteps_since_restore: 0
  train_loss: 0.052494469588085756
  train_score: 0.7111108899116516
  training_iteration: 20
  trial_id: 72a58_00000
  warmup_time: 0.005053281784057617
  
Result for train_model_with_ray_72a58_00000:
  date: 2023-01-28_22-08-36
  done: true
  experiment_id: ad443a0de2764ff2b857938a91beb441
  experiment_tag: '0'
  hostname: aimagelab-srv-10
  iterations_since_restore: 20
  node_ip: 155.185.49.58
  pid: 21961
  time_since_restore: 22528.7082157135
  time_this_iter_s: 1122.9125113487244
  time_total_s: 22528.7082157135
  timestamp: 1674940116
  timesteps_since_restore: 0
  train_loss: 0.052494469588085756
  train_score: 0.7111108899116516
  training_iteration: 20
  trial_id: 72a58_00000
  warmup_time: 0.005053281784057617
  
== Status ==
Current time: 2023-01-28 22:08:37 (running for 06:15:41.36)
Memory usage on this node: 30.0/251.6 GiB 
Using FIFO scheduling algorithm.
Resources requested: 0/56 CPUs, 0/2 GPUs, 0.0/153.71 GiB heap, 0.0/69.87 GiB objects (0.0/1.0 accelerator_type:P100)
Result logdir: /homes/fbaraldi/deep-seasonal-color-analysis-system/models/training_best/FastSCNN/train_model_with_ray_2023-01-28_15-52-55
Number of trials: 1/1 (1 TERMINATED)
+----------------------------------+------------+---------------------+--------------+---------------+----------------------+
| Trial name                       | status     | loc                 |   train_loss |   train_score |   training_iteration |
|----------------------------------+------------+---------------------+--------------+---------------+----------------------|
| train_model_with_ray_72a58_00000 | TERMINATED | 155.185.49.58:21961 |    0.0524945 |      0.711111 |                   20 |
+----------------------------------+------------+---------------------+--------------+---------------+----------------------+


