==========================================================================================
Layer (type:depth-idx)                   Output Shape              Param #
==========================================================================================
├─DeepLabV3: 1-1                         []                        --
├─DeepLabV3: 1                           []                        --
|    └─IntermediateLayerGetter: 2-1      []                        --
|    └─IntermediateLayerGetter: 2        []                        --
|    |    └─Conv2d: 3-1                  []                        9,408
├─DeepLabV3: 1-2                         [16, 11, 256, 256]        --
├─DeepLabV3: 1                           []                        --
|    └─IntermediateLayerGetter: 2-2      [16, 2048, 32, 32]        --
|    └─IntermediateLayerGetter: 2        []                        --
|    |    └─Conv2d: 3-2                  [16, 64, 128, 128]        --
|    |    └─BatchNorm2d: 3-3             [16, 64, 128, 128]        128
|    |    └─ReLU: 3-4                    [16, 64, 128, 128]        --
|    |    └─MaxPool2d: 3-5               [16, 64, 64, 64]          --
|    |    └─Sequential: 3-6              [16, 256, 64, 64]         215,808
|    |    └─Sequential: 3-7              [16, 512, 32, 32]         1,219,584
|    |    └─Sequential: 3-8              [16, 1024, 32, 32]        7,098,368
|    |    └─Sequential: 3-9              [16, 2048, 32, 32]        14,964,736
|    └─DeepLabHead: 2-3                  [16, 11, 32, 32]          --
|    └─DeepLabHead: 2                    []                        --
|    |    └─ASPP: 3-10                   [16, 256, 32, 32]         15,535,104
|    |    └─Conv2d: 3-11                 [16, 256, 32, 32]         589,824
|    |    └─BatchNorm2d: 3-12            [16, 256, 32, 32]         512
|    |    └─ReLU: 3-13                   [16, 256, 32, 32]         --
|    |    └─Conv2d: 3-14                 [16, 11, 32, 32]          2,827
|    └─IntermediateLayerGetter: 2        []                        --
|    |    └─BatchNorm2d: 3-15            [16, 64, 128, 128]        --
|    |    └─ReLU: 3-16                   [16, 64, 128, 128]        --
|    |    └─MaxPool2d: 3-17              [16, 64, 64, 64]          --
|    |    └─Sequential: 3-18             [16, 256, 64, 64]         --
|    |    └─Sequential: 3-19             [16, 512, 32, 32]         --
|    |    └─Sequential: 3-20             [16, 1024, 32, 32]        --
|    |    └─Sequential: 3-21             [16, 2048, 32, 32]        --
|    └─DeepLabHead: 2-4                  [16, 11, 32, 32]          --
|    └─DeepLabHead: 2                    []                        --
|    |    └─ASPP: 3-22                   [16, 256, 32, 32]         --
|    |    └─Conv2d: 3-23                 [16, 256, 32, 32]         --
|    |    └─BatchNorm2d: 3-24            [16, 256, 32, 32]         --
|    |    └─ReLU: 3-25                   [16, 256, 32, 32]         --
|    |    └─Conv2d: 3-26                 [16, 11, 32, 32]          --
==========================================================================================
Total params: 39,636,299
Trainable params: 39,636,299
Non-trainable params: 0
Total mult-adds (M): 685.80
==========================================================================================
Input size (MB): 24.00
Forward/backward pass size (MB): 193.38
Params size (MB): 151.20
Estimated Total Size (MB): 368.58
==========================================================================================
== Status ==
Current time: 2023-02-02 04:54:04 (running for 00:00:07.28)
Memory usage on this node: 55.4/251.6 GiB 
Using FIFO scheduling algorithm.
Resources requested: 0/56 CPUs, 2.0/2 GPUs, 0.0/107.5 GiB heap, 0.0/50.06 GiB objects (0.0/1.0 accelerator_type:P100)
Result logdir: /homes/fbaraldi/deep-seasonal-color-analysis-system/models/demo/Deeplabv3/train_model_2023-02-02_04-53-56
Number of trials: 1/1 (1 ERROR)
+-------------------------+----------+-------+
| Trial name              | status   | loc   |
|-------------------------+----------+-------|
| train_model_38006_00000 | ERROR    |       |
+-------------------------+----------+-------+
Number of errored trials: 1
+-------------------------+--------------+-------------------------------------------------------------------------------------------------------------------------------------------------------------------+
| Trial name              |   # failures | error file                                                                                                                                                        |
|-------------------------+--------------+-------------------------------------------------------------------------------------------------------------------------------------------------------------------|
| train_model_38006_00000 |            1 | /homes/fbaraldi/deep-seasonal-color-analysis-system/models/demo/Deeplabv3/train_model_2023-02-02_04-53-56/train_model_38006_00000_0_2023-02-02_04-54-00/error.txt |
+-------------------------+--------------+-------------------------------------------------------------------------------------------------------------------------------------------------------------------+

== Status ==
Current time: 2023-02-02 04:54:04 (running for 00:00:07.29)
Memory usage on this node: 55.4/251.6 GiB 
Using FIFO scheduling algorithm.
Resources requested: 0/56 CPUs, 2.0/2 GPUs, 0.0/107.5 GiB heap, 0.0/50.06 GiB objects (0.0/1.0 accelerator_type:P100)
Result logdir: /homes/fbaraldi/deep-seasonal-color-analysis-system/models/demo/Deeplabv3/train_model_2023-02-02_04-53-56
Number of trials: 1/1 (1 ERROR)
+-------------------------+----------+-------+
| Trial name              | status   | loc   |
|-------------------------+----------+-------|
| train_model_38006_00000 | ERROR    |       |
+-------------------------+----------+-------+
Number of errored trials: 1
+-------------------------+--------------+-------------------------------------------------------------------------------------------------------------------------------------------------------------------+
| Trial name              |   # failures | error file                                                                                                                                                        |
|-------------------------+--------------+-------------------------------------------------------------------------------------------------------------------------------------------------------------------|
| train_model_38006_00000 |            1 | /homes/fbaraldi/deep-seasonal-color-analysis-system/models/demo/Deeplabv3/train_model_2023-02-02_04-53-56/train_model_38006_00000_0_2023-02-02_04-54-00/error.txt |
+-------------------------+--------------+-------------------------------------------------------------------------------------------------------------------------------------------------------------------+

